2023.10.07 15:48:16 INFO  Started: Metals version 1.0.1 in folders '/Users/arthur/epfl/ba3/cs214/labs/calculator' for client Visual Studio Code 1.83.0.[0m
oct. 07, 2023 3:48:16 PM org.flywaydb.core.internal.license.VersionPrinter printVersionOnly
INFOS: Flyway Community Edition 9.21.2 by Redgate
oct. 07, 2023 3:48:16 PM org.flywaydb.core.internal.license.VersionPrinter printVersion
INFOS: See release notes here: https://rd.gt/416ObMi
oct. 07, 2023 3:48:16 PM org.flywaydb.core.internal.license.VersionPrinter printVersion
INFOS: 
oct. 07, 2023 3:48:16 PM org.flywaydb.core.FlywayExecutor execute
INFOS: Database: jdbc:h2:file:/Users/arthur/epfl/ba3/cs214/labs/calculator/.metals/metals (H2 2.1)
oct. 07, 2023 3:48:16 PM org.flywaydb.core.internal.schemahistory.JdbcTableSchemaHistory allAppliedMigrations
INFOS: Schema history table "PUBLIC"."flyway_schema_history" does not exist yet
oct. 07, 2023 3:48:16 PM org.flywaydb.core.internal.command.DbValidate validate
INFOS: Successfully validated 4 migrations (execution time 00:00.011s)
oct. 07, 2023 3:48:16 PM org.flywaydb.core.internal.schemahistory.JdbcTableSchemaHistory create
INFOS: Creating Schema History table "PUBLIC"."flyway_schema_history" ...
oct. 07, 2023 3:48:16 PM org.flywaydb.core.internal.command.DbMigrate migrateGroup
INFOS: Current version of schema "PUBLIC": << Empty Schema >>
oct. 07, 2023 3:48:16 PM org.flywaydb.core.internal.command.DbMigrate doMigrateGroup
INFOS: Migrating schema "PUBLIC" to version "1 - Create tables"
oct. 07, 2023 3:48:16 PM org.flywaydb.core.internal.command.DbMigrate doMigrateGroup
INFOS: Migrating schema "PUBLIC" to version "2 - Server discovery"
oct. 07, 2023 3:48:16 PM org.flywaydb.core.internal.command.DbMigrate doMigrateGroup
INFOS: Migrating schema "PUBLIC" to version "3 - Jar symbols"
oct. 07, 2023 3:48:16 PM org.flywaydb.core.internal.command.DbMigrate doMigrateGroup
INFOS: Migrating schema "PUBLIC" to version "4 - Fingerprints"
oct. 07, 2023 3:48:16 PM org.flywaydb.core.internal.command.DbMigrate logSummary
INFOS: Successfully applied 4 migrations to schema "PUBLIC", now at version v4 (execution time 00:00.009s)
2023.10.07 15:48:16 INFO  time: initialize in 0.31s[0m
2023.10.07 15:48:17 WARN  Build server is not auto-connectable.[0m
2023.10.07 15:48:17 WARN  no build target for: /Users/arthur/epfl/ba3/cs214/labs/calculator/src/main/scala/printers.worksheet.sc[0m
2023.10.07 15:48:17 WARN  no build target for: /Users/arthur/epfl/ba3/cs214/labs/calculator/src/main/scala/Main.scala[0m
oct. 07, 2023 3:48:17 PM org.eclipse.lsp4j.jsonrpc.RemoteEndpoint handleCancellation
AVERTISSEMENT: Unmatched cancel notification for request id 5
2023.10.07 15:48:18 INFO  no build target found for /Users/arthur/epfl/ba3/cs214/labs/calculator/src/main/scala/printers.worksheet.sc. Using presentation compiler with project's scala-library version: 3.3.0[0m
2023.10.07 15:48:19 INFO  time: code lens generation in 1.67s[0m
2023.10.07 15:48:18 INFO  time: code lens generation in 1.94s[0m
Exception in thread "pool-3-thread-1" java.lang.InterruptedException
	at scala.meta.internal.metals.FutureCancelToken.checkCanceled(FutureCancelToken.scala:29)
	at scala.meta.internal.pc.CompilerAccess.onCompilerJobQueue$$anonfun$1(CompilerAccess.scala:229)
	at scala.meta.internal.pc.CompilerJobQueue$Job.run(CompilerJobQueue.scala:152)
	at java.base/java.util.concurrent.ThreadPoolExecutor.runWorker(ThreadPoolExecutor.java:1136)
	at java.base/java.util.concurrent.ThreadPoolExecutor$Worker.run(ThreadPoolExecutor.java:635)
	at java.base/java.lang.Thread.run(Thread.java:833)
Exception in thread "pool-3-thread-2" java.lang.InterruptedException
	at scala.meta.internal.metals.FutureCancelToken.checkCanceled(FutureCancelToken.scala:29)
	at scala.meta.internal.pc.CompilerAccess.onCompilerJobQueue$$anonfun$1(CompilerAccess.scala:229)
	at scala.meta.internal.pc.CompilerJobQueue$Job.run(CompilerJobQueue.scala:152)
	at java.base/java.util.concurrent.ThreadPoolExecutor.runWorker(ThreadPoolExecutor.java:1136)
	at java.base/java.util.concurrent.ThreadPoolExecutor$Worker.run(ThreadPoolExecutor.java:635)
	at java.base/java.lang.Thread.run(Thread.java:833)
Exception in thread "pool-3-thread-3" java.lang.InterruptedException
	at scala.meta.internal.metals.FutureCancelToken.checkCanceled(FutureCancelToken.scala:29)
	at scala.meta.internal.pc.CompilerAccess.onCompilerJobQueue$$anonfun$1(CompilerAccess.scala:229)
	at scala.meta.internal.pc.CompilerJobQueue$Job.run(CompilerJobQueue.scala:152)
	at java.base/java.util.concurrent.ThreadPoolExecutor.runWorker(ThreadPoolExecutor.java:1136)
	at java.base/java.util.concurrent.ThreadPoolExecutor$Worker.run(ThreadPoolExecutor.java:635)
	at java.base/java.lang.Thread.run(Thread.java:833)
2023.10.07 15:48:20 INFO  running '/Library/Java/JavaVirtualMachines/temurin-17.jdk/Contents/Home/bin/java -Djline.terminal=jline.UnsupportedTerminal -Dsbt.log.noformat=true -Dfile.encoding=UTF-8 -jar /var/folders/25/sm73v1fj2zd3yn5z3lmrmfcm0000gn/T/metals11610543046861104748/sbt-launch.jar -Dbloop.export-jar-classifiers=sources bloopInstall'[0m
2023.10.07 15:48:19 WARN  no build target for: /Users/arthur/epfl/ba3/cs214/labs/calculator/project/metals.sbt[0m
2023.10.07 15:48:20 WARN  no build target for: /Users/arthur/epfl/ba3/cs214/labs/calculator/project/project/metals.sbt[0m
2023.10.07 15:48:20 INFO  skipping build import with status 'Started'[0m
2023.10.07 15:48:20 INFO  [info] welcome to sbt 1.9.4 (Eclipse Adoptium Java 17.0.6)[0m
2023.10.07 15:48:20 INFO  [info] loading settings for project calculator-build-build from metals.sbt ...[0m
2023.10.07 15:48:22 INFO  [info] loading project definition from /Users/arthur/epfl/ba3/cs214/labs/calculator/project/project[0m
2023.10.07 15:48:22 INFO  [info] loading settings for project calculator-build from metals.sbt ...[0m
2023.10.07 15:48:22 INFO  [info] loading project definition from /Users/arthur/epfl/ba3/cs214/labs/calculator/project[0m
2023.10.07 15:48:23 INFO  [success] Generated .bloop/calculator-build.json[0m
2023.10.07 15:48:23 INFO  [success] Total time: 1 s, completed 7 oct. 2023, 15:48:23[0m
2023.10.07 15:48:23 INFO  [info] loading settings for project calculator from build.sbt ...[0m
2023.10.07 15:48:23 INFO  [info] set current project to calculator (in build file:/Users/arthur/epfl/ba3/cs214/labs/calculator/)[0m
2023.10.07 15:48:25 INFO  [success] Generated .bloop/calculator-test.json[0m
2023.10.07 15:48:25 INFO  [success] Generated .bloop/calculator.json[0m
2023.10.07 15:48:25 INFO  [success] Total time: 0 s, completed 7 oct. 2023, 15:48:25[0m
2023.10.07 15:48:25 INFO  time: ran 'sbt bloopInstall' in 5.1s[0m
2023.10.07 15:48:25 INFO  Attempting to connect to the build server...[0m
2023.10.07 15:48:25 INFO  Bloop uses /Library/Java/JavaVirtualMachines/temurin-17.jdk/Contents/Home defined at /Users/arthur/.bloop/bloop.json[0m
2023.10.07 15:48:25 INFO  tracing is disabled for protocol BSP, to enable tracing of incoming and outgoing JSON messages create an empty file at /Users/arthur/epfl/ba3/cs214/labs/calculator/.metals/bsp.trace.json or /Users/arthur/Library/Caches/org.scalameta.metals/bsp.trace.json[0m
2023.10.07 15:48:25 INFO  Attempting to connect to the build server...[0m
2023.10.07 15:48:25 INFO  Bloop uses /Library/Java/JavaVirtualMachines/temurin-17.jdk/Contents/Home defined at /Users/arthur/.bloop/bloop.json[0m
2023.10.07 15:48:25 INFO  tracing is disabled for protocol BSP, to enable tracing of incoming and outgoing JSON messages create an empty file at /Users/arthur/epfl/ba3/cs214/labs/calculator/project/.metals/bsp.trace.json or /Users/arthur/Library/Caches/org.scalameta.metals/bsp.trace.json[0m
2023.10.07 15:48:25 INFO  time: Connected to build server in 0.16s[0m
2023.10.07 15:48:25 INFO  Connected to Build server: Bloop v1.5.8[0m
2023.10.07 15:48:27 INFO  time: indexed workspace in 2.09s[0m
2023.10.07 15:48:27 INFO  compiling calculator (20 scala sources)[0m
2023.10.07 15:48:29 INFO  compiling calculator-test (12 scala sources)[0m
2023.10.07 15:48:29 ERROR error while loading Main$package,
src/main/scala/Main.scala: Operation not permitted[0m
2023.10.07 15:48:29 ERROR error while loading howManyHoursISpentOnThisLab$package,
src/main/scala/howManyHoursISpentOnThisLab.scala: Operation not permitted[0m
2023.10.07 15:48:29 ERROR error while loading FullExpr,
src/main/scala/calculator/Expr.scala: Operation not permitted[0m
2023.10.07 15:48:29 ERROR error while loading Printers,
src/main/scala/calculator/Printers.scala: Operation not permitted[0m
2023.10.07 15:48:29 ERROR error while loading FullDriver,
src/main/scala/calculator/Driver.scala: Operation not permitted[0m
2023.10.07 15:48:29 INFO  time: compiled calculator in 2.08s[0m
2023.10.07 15:48:29 INFO  time: compiled calculator-test in 0.95s[0m
2023.10.07 15:48:35 INFO  time: evaluated worksheet 'printers.worksheet.sc' in 1.8s[0m
oct. 07, 2023 3:48:37 PM org.eclipse.lsp4j.jsonrpc.RemoteEndpoint handleNotification
AVERTISSEMENT: Notification threw an exception: {
  "jsonrpc": "2.0",
  "method": "metals/didFocusTextDocument",
  "params": [
    "conflictResolution:/Users/arthur/epfl/ba3/cs214/labs/calculator/src/main/scala/printers.worksheet.sc?%7B%22scheme%22%3A%22file%22%2C%22query%22%3A%22%22%7D"
  ]
}
java.lang.RuntimeException: java.lang.reflect.InvocationTargetException
	at org.eclipse.lsp4j.jsonrpc.services.GenericEndpoint.lambda$null$0(GenericEndpoint.java:67)
	at org.eclipse.lsp4j.jsonrpc.services.GenericEndpoint.notify(GenericEndpoint.java:152)
	at org.eclipse.lsp4j.jsonrpc.RemoteEndpoint.handleNotification(RemoteEndpoint.java:220)
	at org.eclipse.lsp4j.jsonrpc.RemoteEndpoint.consume(RemoteEndpoint.java:187)
	at org.eclipse.lsp4j.jsonrpc.json.StreamMessageProducer.handleMessage(StreamMessageProducer.java:194)
	at org.eclipse.lsp4j.jsonrpc.json.StreamMessageProducer.listen(StreamMessageProducer.java:94)
	at org.eclipse.lsp4j.jsonrpc.json.ConcurrentMessageProcessor.run(ConcurrentMessageProcessor.java:113)
	at java.base/java.util.concurrent.Executors$RunnableAdapter.call(Executors.java:539)
	at java.base/java.util.concurrent.FutureTask.run(FutureTask.java:264)
	at java.base/java.util.concurrent.ThreadPoolExecutor.runWorker(ThreadPoolExecutor.java:1136)
	at java.base/java.util.concurrent.ThreadPoolExecutor$Worker.run(ThreadPoolExecutor.java:635)
	at java.base/java.lang.Thread.run(Thread.java:833)
Caused by: java.lang.reflect.InvocationTargetException
	at java.base/jdk.internal.reflect.NativeMethodAccessorImpl.invoke0(Native Method)
	at java.base/jdk.internal.reflect.NativeMethodAccessorImpl.invoke(NativeMethodAccessorImpl.java:77)
	at java.base/jdk.internal.reflect.DelegatingMethodAccessorImpl.invoke(DelegatingMethodAccessorImpl.java:43)
	at java.base/java.lang.reflect.Method.invoke(Method.java:568)
	at org.eclipse.lsp4j.jsonrpc.services.GenericEndpoint.lambda$null$0(GenericEndpoint.java:65)
	... 11 more
Caused by: java.nio.file.FileSystemNotFoundException: Provider "conflictResolution" not installed
	at java.base/java.nio.file.Path.of(Path.java:212)
	at java.base/java.nio.file.Paths.get(Paths.java:98)
	at scala.meta.internal.mtags.MtagsEnrichments$XtensionURIMtags.toAbsolutePath(MtagsEnrichments.scala:131)
	at scala.meta.internal.mtags.MtagsEnrichments$XtensionStringMtags.toAbsolutePath(MtagsEnrichments.scala:187)
	at scala.meta.internal.metals.MetalsEnrichments$XtensionString.toAbsolutePath(MetalsEnrichments.scala:631)
	at scala.meta.internal.metals.MetalsEnrichments$XtensionString.toAbsolutePath(MetalsEnrichments.scala:628)
	at scala.meta.internal.metals.WorkspaceLspService.didFocus(WorkspaceLspService.scala:604)
	at scala.meta.metals.lsp.DelegatingScalaService.didFocus(DelegatingScalaService.scala:43)
	... 16 more

2023.10.07 15:48:55 INFO  time: evaluated worksheet 'printers.worksheet.sc' in 0.33s[0m
2023.10.07 15:49:02 INFO  time: evaluated worksheet 'printers.worksheet.sc' in 0.35s[0m
2023.10.07 15:49:02 INFO  time: evaluated worksheet 'printers.worksheet.sc' in 0.24s[0m
2023.10.07 15:49:03 INFO  time: evaluated worksheet 'printers.worksheet.sc' in 0.25s[0m
2023.10.07 15:49:04 INFO  time: evaluated worksheet 'printers.worksheet.sc' in 0.18s[0m
2023.10.07 15:49:07 INFO  compiling calculator-test (12 scala sources)[0m
2023.10.07 15:49:07 ERROR error while loading Main$package,
src/main/scala/Main.scala: Operation not permitted[0m
2023.10.07 15:49:07 ERROR error while loading howManyHoursISpentOnThisLab$package,
src/main/scala/howManyHoursISpentOnThisLab.scala: Operation not permitted[0m
2023.10.07 15:49:07 ERROR error while loading FullExpr,
src/main/scala/calculator/Expr.scala: Operation not permitted[0m
2023.10.07 15:49:07 ERROR error while loading Printers,
src/main/scala/calculator/Printers.scala: Operation not permitted[0m
2023.10.07 15:49:07 ERROR error while loading FullDriver,
src/main/scala/calculator/Driver.scala: Operation not permitted[0m
2023.10.07 15:49:07 INFO  time: compiled calculator-test in 0.64s[0m
2023.10.07 15:49:19 INFO  compiling calculator-test (12 scala sources)[0m
2023.10.07 15:49:19 ERROR error while loading Main$package,
src/main/scala/Main.scala: Operation not permitted[0m
2023.10.07 15:49:19 ERROR error while loading howManyHoursISpentOnThisLab$package,
src/main/scala/howManyHoursISpentOnThisLab.scala: Operation not permitted[0m
2023.10.07 15:49:19 ERROR error while loading FullExpr,
src/main/scala/calculator/Expr.scala: Operation not permitted[0m
2023.10.07 15:49:19 ERROR error while loading Printers,
src/main/scala/calculator/Printers.scala: Operation not permitted[0m
2023.10.07 15:49:19 ERROR error while loading FullDriver,
src/main/scala/calculator/Driver.scala: Operation not permitted[0m
2023.10.07 15:49:19 INFO  time: compiled calculator-test in 0.57s[0m
2023.10.07 15:50:52 INFO  compiling calculator-test (12 scala sources)[0m
2023.10.07 15:50:52 ERROR error while loading Main$package,
src/main/scala/Main.scala: Operation not permitted[0m
2023.10.07 15:50:52 ERROR error while loading howManyHoursISpentOnThisLab$package,
src/main/scala/howManyHoursISpentOnThisLab.scala: Operation not permitted[0m
2023.10.07 15:50:52 ERROR error while loading FullExpr,
src/main/scala/calculator/Expr.scala: Operation not permitted[0m
2023.10.07 15:50:52 ERROR error while loading Printers,
src/main/scala/calculator/Printers.scala: Operation not permitted[0m
2023.10.07 15:50:52 ERROR error while loading FullDriver,
src/main/scala/calculator/Driver.scala: Operation not permitted[0m
2023.10.07 15:50:52 INFO  time: compiled calculator-test in 0.5s[0m
2023.10.07 15:51:00 INFO  compiling calculator-test (12 scala sources)[0m
2023.10.07 15:51:00 ERROR error while loading Main$package,
src/main/scala/Main.scala: Operation not permitted[0m
2023.10.07 15:51:00 ERROR error while loading howManyHoursISpentOnThisLab$package,
src/main/scala/howManyHoursISpentOnThisLab.scala: Operation not permitted[0m
2023.10.07 15:51:00 ERROR error while loading FullExpr,
src/main/scala/calculator/Expr.scala: Operation not permitted[0m
2023.10.07 15:51:00 ERROR error while loading Printers,
src/main/scala/calculator/Printers.scala: Operation not permitted[0m
2023.10.07 15:51:00 ERROR error while loading FullDriver,
src/main/scala/calculator/Driver.scala: Operation not permitted[0m
2023.10.07 15:51:00 INFO  time: compiled calculator-test in 0.53s[0m
2023.10.07 15:51:12 INFO  compiling calculator-test (12 scala sources)[0m
2023.10.07 15:51:12 ERROR error while loading Main$package,
src/main/scala/Main.scala: Operation not permitted[0m
2023.10.07 15:51:12 ERROR error while loading howManyHoursISpentOnThisLab$package,
src/main/scala/howManyHoursISpentOnThisLab.scala: Operation not permitted[0m
2023.10.07 15:51:12 ERROR error while loading FullExpr,
src/main/scala/calculator/Expr.scala: Operation not permitted[0m
2023.10.07 15:51:12 ERROR error while loading Printers,
src/main/scala/calculator/Printers.scala: Operation not permitted[0m
2023.10.07 15:51:12 ERROR error while loading BasicEvaluator,
src/main/scala/calculator/BasicEvaluator.scala: Operation not permitted[0m
2023.10.07 15:51:12 ERROR error while loading BasicDriver,
src/main/scala/calculator/Driver.scala: Operation not permitted[0m
2023.10.07 15:51:12 INFO  time: compiled calculator-test in 0.45s[0m
2023.10.07 15:51:16 INFO  compiling calculator-test (12 scala sources)[0m
2023.10.07 15:51:16 ERROR error while loading Main$package,
src/main/scala/Main.scala: Operation not permitted[0m
2023.10.07 15:51:16 ERROR error while loading howManyHoursISpentOnThisLab$package,
src/main/scala/howManyHoursISpentOnThisLab.scala: Operation not permitted[0m
2023.10.07 15:51:16 ERROR error while loading FullExpr,
src/main/scala/calculator/Expr.scala: Operation not permitted[0m
2023.10.07 15:51:16 ERROR error while loading Printers,
src/main/scala/calculator/Printers.scala: Operation not permitted[0m
2023.10.07 15:51:16 ERROR error while loading BasicEvaluator,
src/main/scala/calculator/BasicEvaluator.scala: Operation not permitted[0m
2023.10.07 15:51:16 ERROR error while loading BasicDriver,
src/main/scala/calculator/Driver.scala: Operation not permitted[0m
2023.10.07 15:51:16 INFO  time: compiled calculator-test in 0.45s[0m
2023.10.07 15:51:20 INFO  compiling calculator-test (12 scala sources)[0m
2023.10.07 15:51:20 ERROR error while loading Main$package,
src/main/scala/Main.scala: Operation not permitted[0m
2023.10.07 15:51:20 ERROR error while loading howManyHoursISpentOnThisLab$package,
src/main/scala/howManyHoursISpentOnThisLab.scala: Operation not permitted[0m
2023.10.07 15:51:20 ERROR error while loading FullExpr,
src/main/scala/calculator/Expr.scala: Operation not permitted[0m
2023.10.07 15:51:20 ERROR error while loading Printers,
src/main/scala/calculator/Printers.scala: Operation not permitted[0m
2023.10.07 15:51:20 ERROR error while loading FullDriver,
src/main/scala/calculator/Driver.scala: Operation not permitted[0m
2023.10.07 15:51:20 INFO  time: compiled calculator-test in 0.48s[0m
2023.10.07 15:51:35 INFO  compiling calculator-test (12 scala sources)[0m
2023.10.07 15:51:35 ERROR error while loading Main$package,
src/main/scala/Main.scala: Operation not permitted[0m
2023.10.07 15:51:35 ERROR error while loading howManyHoursISpentOnThisLab$package,
src/main/scala/howManyHoursISpentOnThisLab.scala: Operation not permitted[0m
2023.10.07 15:51:35 ERROR error while loading FullExpr,
src/main/scala/calculator/Expr.scala: Operation not permitted[0m
2023.10.07 15:51:35 ERROR error while loading Printers,
src/main/scala/calculator/Printers.scala: Operation not permitted[0m
2023.10.07 15:51:35 ERROR error while loading FullEvaluator,
src/main/scala/calculator/FullEvaluator.scala: Operation not permitted[0m
2023.10.07 15:51:35 ERROR error while loading FullDriver,
src/main/scala/calculator/Driver.scala: Operation not permitted[0m
2023.10.07 15:51:35 INFO  time: compiled calculator-test in 0.49s[0m
2023.10.07 15:51:43 INFO  compiling calculator-test (12 scala sources)[0m
2023.10.07 15:51:43 ERROR error while loading Main$package,
src/main/scala/Main.scala: Operation not permitted[0m
2023.10.07 15:51:43 ERROR error while loading howManyHoursISpentOnThisLab$package,
src/main/scala/howManyHoursISpentOnThisLab.scala: Operation not permitted[0m
2023.10.07 15:51:43 ERROR error while loading FullExpr,
src/main/scala/calculator/Expr.scala: Operation not permitted[0m
2023.10.07 15:51:43 ERROR error while loading Printers,
src/main/scala/calculator/Printers.scala: Operation not permitted[0m
2023.10.07 15:51:43 ERROR error while loading FullDriver,
src/main/scala/calculator/Driver.scala: Operation not permitted[0m
2023.10.07 15:51:43 INFO  time: compiled calculator-test in 0.48s[0m
2023.10.07 15:53:06 INFO  Shutting down server[0m
2023.10.07 15:53:06 INFO  shutting down Metals[0m
2023.10.07 15:53:06 INFO  Shut down connection with build server.[0m
2023.10.07 15:53:06 INFO  Shut down connection with build server.[0m
2023.10.07 15:53:06 INFO  Exiting server[0m
2023.10.07 15:53:13 INFO  Started: Metals version 1.0.1 in folders '/Users/arthur/epfl/ba3/cs214/labs/calculator' for client Visual Studio Code 1.83.0.[0m
oct. 07, 2023 3:53:13 PM org.flywaydb.core.internal.license.VersionPrinter printVersionOnly
INFOS: Flyway Community Edition 9.21.2 by Redgate
oct. 07, 2023 3:53:13 PM org.flywaydb.core.internal.license.VersionPrinter printVersion
INFOS: See release notes here: https://rd.gt/416ObMi
oct. 07, 2023 3:53:13 PM org.flywaydb.core.internal.license.VersionPrinter printVersion
INFOS: 
oct. 07, 2023 3:53:13 PM org.flywaydb.core.FlywayExecutor execute
INFOS: Database: jdbc:h2:file:/Users/arthur/epfl/ba3/cs214/labs/calculator/.metals/metals (H2 2.1)
oct. 07, 2023 3:53:13 PM org.flywaydb.core.internal.command.DbValidate validate
INFOS: Successfully validated 4 migrations (execution time 00:00.017s)
oct. 07, 2023 3:53:13 PM org.flywaydb.core.internal.command.DbMigrate migrateGroup
INFOS: Current version of schema "PUBLIC": 4
oct. 07, 2023 3:53:13 PM org.flywaydb.core.internal.command.DbMigrate logSummary
INFOS: Schema "PUBLIC" is up to date. No migration necessary.
2023.10.07 15:53:13 INFO  time: initialize in 0.33s[0m
2023.10.07 15:53:14 INFO  Attempting to connect to the build server...[0m
2023.10.07 15:53:14 INFO  Bloop uses /Library/Java/JavaVirtualMachines/temurin-17.jdk/Contents/Home defined at /Users/arthur/.bloop/bloop.json[0m
2023.10.07 15:53:14 INFO  skipping build import with status 'Installed'[0m
oct. 07, 2023 3:53:14 PM org.eclipse.lsp4j.jsonrpc.RemoteEndpoint handleCancellation
AVERTISSEMENT: Unmatched cancel notification for request id 5
2023.10.07 15:53:14 INFO  tracing is disabled for protocol BSP, to enable tracing of incoming and outgoing JSON messages create an empty file at /Users/arthur/epfl/ba3/cs214/labs/calculator/.metals/bsp.trace.json or /Users/arthur/Library/Caches/org.scalameta.metals/bsp.trace.json[0m
2023.10.07 15:53:14 INFO  Attempting to connect to the build server...[0m
2023.10.07 15:53:14 INFO  Bloop uses /Library/Java/JavaVirtualMachines/temurin-17.jdk/Contents/Home defined at /Users/arthur/.bloop/bloop.json[0m
2023.10.07 15:53:14 INFO  tracing is disabled for protocol BSP, to enable tracing of incoming and outgoing JSON messages create an empty file at /Users/arthur/epfl/ba3/cs214/labs/calculator/project/.metals/bsp.trace.json or /Users/arthur/Library/Caches/org.scalameta.metals/bsp.trace.json[0m
2023.10.07 15:53:14 INFO  time: Connected to build server in 0.29s[0m
2023.10.07 15:53:14 INFO  Connected to Build server: Bloop v1.5.8[0m
2023.10.07 15:53:15 INFO  no build target found for /Users/arthur/epfl/ba3/cs214/labs/calculator/src/test/scala/ArithSuite.scala. Using presentation compiler with project's scala-library version: 3.3.0[0m
2023.10.07 15:53:15 INFO  time: code lens generation in 1.28s[0m
2023.10.07 15:53:16 INFO  no build target found for /Users/arthur/epfl/ba3/cs214/labs/calculator/src/test/scala/ArithSuite.scala. Using presentation compiler with project's scala-library version: 3.3.0[0m
2023.10.07 15:53:16 INFO  time: code lens generation in 2.34s[0m
2023.10.07 15:53:18 INFO  time: indexed workspace in 2.6s[0m
2023.10.07 15:53:18 INFO  compiling calculator-test (12 scala sources)[0m
2023.10.07 15:53:18 ERROR error while loading Main$package,
src/main/scala/Main.scala: Operation not permitted[0m
2023.10.07 15:53:18 ERROR error while loading howManyHoursISpentOnThisLab$package,
src/main/scala/howManyHoursISpentOnThisLab.scala: Operation not permitted[0m
2023.10.07 15:53:18 ERROR error while loading FullExpr,
src/main/scala/calculator/Expr.scala: Operation not permitted[0m
2023.10.07 15:53:18 ERROR error while loading Printers,
src/main/scala/calculator/Printers.scala: Operation not permitted[0m
2023.10.07 15:53:18 ERROR error while loading FullDriver,
src/main/scala/calculator/Driver.scala: Operation not permitted[0m
2023.10.07 15:53:18 INFO  time: compiled calculator-test in 0.61s[0m
2023.10.07 15:53:18 INFO  compiling calculator-test (12 scala sources)[0m
2023.10.07 15:53:18 ERROR error while loading Main$package,
src/main/scala/Main.scala: Operation not permitted[0m
2023.10.07 15:53:18 ERROR error while loading howManyHoursISpentOnThisLab$package,
src/main/scala/howManyHoursISpentOnThisLab.scala: Operation not permitted[0m
2023.10.07 15:53:18 ERROR error while loading FullExpr,
src/main/scala/calculator/Expr.scala: Operation not permitted[0m
2023.10.07 15:53:18 ERROR error while loading Printers,
src/main/scala/calculator/Printers.scala: Operation not permitted[0m
2023.10.07 15:53:18 ERROR error while loading FullDriver,
src/main/scala/calculator/Driver.scala: Operation not permitted[0m
2023.10.07 15:53:19 INFO  time: compiled calculator-test in 0.64s[0m
2023.10.07 15:55:40 INFO  compiling calculator-test (12 scala sources)[0m
2023.10.07 15:55:40 ERROR error while loading Main$package,
src/main/scala/Main.scala: Operation not permitted[0m
2023.10.07 15:55:40 ERROR error while loading howManyHoursISpentOnThisLab$package,
src/main/scala/howManyHoursISpentOnThisLab.scala: Operation not permitted[0m
2023.10.07 15:55:40 ERROR error while loading FullExpr,
src/main/scala/calculator/Expr.scala: Operation not permitted[0m
2023.10.07 15:55:40 ERROR error while loading Printers,
src/main/scala/calculator/Printers.scala: Operation not permitted[0m
2023.10.07 15:55:40 ERROR error while loading FullDriver,
src/main/scala/calculator/Driver.scala: Operation not permitted[0m
2023.10.07 15:55:40 INFO  time: compiled calculator-test in 0.52s[0m
2023.10.07 15:55:45 INFO  time: evaluated worksheet 'printers.worksheet.sc' in 1.76s[0m
2023.10.07 15:55:51 INFO  compiling calculator (1 scala source)[0m
2023.10.07 15:55:51 ERROR error while loading TinyExpr,
src/main/scala/calculator/Expr.scala: Operation not permitted[0m
2023.10.07 15:55:51 INFO  time: compiled calculator in 23ms[0m
2023.10.07 16:21:02 INFO  running '/Library/Java/JavaVirtualMachines/temurin-17.jdk/Contents/Home/bin/java -Djline.terminal=jline.UnsupportedTerminal -Dsbt.log.noformat=true -Dfile.encoding=UTF-8 -jar /var/folders/25/sm73v1fj2zd3yn5z3lmrmfcm0000gn/T/metals6394401874848648269/sbt-launch.jar -Dbloop.export-jar-classifiers=sources bloopInstall'[0m
2023.10.07 16:21:03 INFO  [info] welcome to sbt 1.9.4 (Eclipse Adoptium Java 17.0.6)[0m
2023.10.07 16:21:03 INFO  [info] loading settings for project calculator-build-build from metals.sbt ...[0m
2023.10.07 16:21:03 INFO  [info] loading project definition from /Users/arthur/epfl/ba3/cs214/labs/calculator/project/project[0m
2023.10.07 16:21:03 INFO  [info] loading settings for project calculator-build from metals.sbt ...[0m
2023.10.07 16:21:03 INFO  [info] loading project definition from /Users/arthur/epfl/ba3/cs214/labs/calculator/project[0m
2023.10.07 16:21:04 INFO  [success] Generated .bloop/calculator-build.json[0m
2023.10.07 16:21:04 INFO  [success] Total time: 1 s, completed 7 oct. 2023, 16:21:04[0m
2023.10.07 16:21:04 INFO  [info] loading settings for project calculator from build.sbt ...[0m
2023.10.07 16:21:04 INFO  [info] set current project to calculator (in build file:/Users/arthur/epfl/ba3/cs214/labs/calculator/)[0m
2023.10.07 16:21:04 INFO  [success] Generated .bloop/calculator-test.json[0m
2023.10.07 16:21:04 INFO  [success] Generated .bloop/calculator.json[0m
2023.10.07 16:21:04 INFO  [success] Total time: 0 s, completed 7 oct. 2023, 16:21:05[0m
2023.10.07 16:21:05 INFO  time: ran 'sbt bloopInstall' in 2.59s[0m
2023.10.07 16:21:05 INFO  Disconnecting from Bloop session...[0m
2023.10.07 16:21:05 INFO  Shut down connection with build server.[0m
2023.10.07 16:21:05 INFO  Shut down connection with build server.[0m
2023.10.07 16:21:05 INFO  Attempting to connect to the build server...[0m
2023.10.07 16:21:05 INFO  Bloop uses /Library/Java/JavaVirtualMachines/temurin-17.jdk/Contents/Home defined at /Users/arthur/.bloop/bloop.json[0m
2023.10.07 16:21:05 INFO  tracing is disabled for protocol BSP, to enable tracing of incoming and outgoing JSON messages create an empty file at /Users/arthur/epfl/ba3/cs214/labs/calculator/.metals/bsp.trace.json or /Users/arthur/Library/Caches/org.scalameta.metals/bsp.trace.json[0m
2023.10.07 16:21:05 INFO  Attempting to connect to the build server...[0m
2023.10.07 16:21:05 INFO  Bloop uses /Library/Java/JavaVirtualMachines/temurin-17.jdk/Contents/Home defined at /Users/arthur/.bloop/bloop.json[0m
2023.10.07 16:21:05 INFO  tracing is disabled for protocol BSP, to enable tracing of incoming and outgoing JSON messages create an empty file at /Users/arthur/epfl/ba3/cs214/labs/calculator/project/.metals/bsp.trace.json or /Users/arthur/Library/Caches/org.scalameta.metals/bsp.trace.json[0m
2023.10.07 16:21:05 INFO  time: Connected to build server in 39ms[0m
2023.10.07 16:21:05 INFO  Connected to Build server: Bloop v1.5.8[0m
2023.10.07 16:21:05 INFO  time: indexed workspace in 0.78s[0m
2023.10.07 16:21:06 INFO  compiling calculator (1 scala source)[0m
2023.10.07 16:21:06 ERROR error while loading TinyExpr,
src/main/scala/calculator/Expr.scala: Operation not permitted[0m
2023.10.07 16:21:06 INFO  time: compiled calculator in 0.64s[0m
2023.10.07 16:21:08 INFO  compiling calculator (1 scala source)[0m
2023.10.07 16:21:08 ERROR error while loading TinyExpr,
src/main/scala/calculator/Expr.scala: Operation not permitted[0m
2023.10.07 16:21:08 INFO  time: compiled calculator in 35ms[0m
2023.10.07 16:21:09 INFO  compiling calculator (1 scala source)[0m
2023.10.07 16:21:09 ERROR error while loading TinyExpr,
src/main/scala/calculator/Expr.scala: Operation not permitted[0m
2023.10.07 16:21:09 INFO  time: compiled calculator in 38ms[0m
2023.10.07 16:22:04 INFO  Disconnecting from Bloop session...[0m
2023.10.07 16:22:04 INFO  Shut down connection with build server.[0m
2023.10.07 16:22:04 INFO  Shut down connection with build server.[0m
2023.10.07 16:22:04 INFO  Deleted directories inside .bloop[0m
2023.10.07 16:22:04 INFO  Attempting to connect to the build server...[0m
2023.10.07 16:22:04 INFO  Bloop uses /Library/Java/JavaVirtualMachines/temurin-17.jdk/Contents/Home defined at /Users/arthur/.bloop/bloop.json[0m
2023.10.07 16:22:05 INFO  tracing is disabled for protocol BSP, to enable tracing of incoming and outgoing JSON messages create an empty file at /Users/arthur/epfl/ba3/cs214/labs/calculator/.metals/bsp.trace.json or /Users/arthur/Library/Caches/org.scalameta.metals/bsp.trace.json[0m
2023.10.07 16:22:05 INFO  Attempting to connect to the build server...[0m
2023.10.07 16:22:05 INFO  Bloop uses /Library/Java/JavaVirtualMachines/temurin-17.jdk/Contents/Home defined at /Users/arthur/.bloop/bloop.json[0m
2023.10.07 16:22:05 INFO  tracing is disabled for protocol BSP, to enable tracing of incoming and outgoing JSON messages create an empty file at /Users/arthur/epfl/ba3/cs214/labs/calculator/project/.metals/bsp.trace.json or /Users/arthur/Library/Caches/org.scalameta.metals/bsp.trace.json[0m
2023.10.07 16:22:05 INFO  time: Connected to build server in 0.88s[0m
2023.10.07 16:22:05 INFO  Connected to Build server: Bloop v1.5.8[0m
2023.10.07 16:22:06 INFO  time: indexed workspace in 0.72s[0m
2023.10.07 16:22:06 INFO  compiling calculator (20 scala sources)[0m
2023.10.07 16:22:09 INFO  Deduplicating compilation of calculator from bsp client 'Metals 1.0.1' (since 4.15s)[0m
2023.10.07 16:22:09 INFO  compiling calculator (20 scala sources)[0m
2023.10.07 16:22:11 INFO  compiling calculator-test (12 scala sources)[0m
2023.10.07 16:22:11 INFO  time: compiled calculator in 2.35s[0m
2023.10.07 16:22:11 INFO  time: compiled calculator-test in 0.76s[0m
Exception in thread "pool-20-thread-1" java.lang.InterruptedException
	at scala.meta.internal.metals.FutureCancelToken.checkCanceled(FutureCancelToken.scala:29)
	at scala.meta.internal.pc.CompilerAccess.onCompilerJobQueue$$anonfun$1(CompilerAccess.scala:229)
	at scala.meta.internal.pc.CompilerJobQueue$Job.run(CompilerJobQueue.scala:152)
	at java.base/java.util.concurrent.ThreadPoolExecutor.runWorker(ThreadPoolExecutor.java:1136)
	at java.base/java.util.concurrent.ThreadPoolExecutor$Worker.run(ThreadPoolExecutor.java:635)
	at java.base/java.lang.Thread.run(Thread.java:833)
2023.10.08 14:15:24 INFO  compiling calculator (1 scala source)[0m
2023.10.08 14:15:24 INFO  time: compiled calculator in 0.23s[0m
2023.10.08 14:17:42 INFO  compiling calculator (1 scala source)[0m
2023.10.08 14:17:42 INFO  time: compiled calculator in 0.1s[0m
2023.10.08 14:22:22 INFO  compiling calculator (1 scala source)[0m
2023.10.08 14:22:23 INFO  time: compiled calculator in 1.44s[0m
2023.10.08 14:22:38 INFO  compiling calculator (1 scala source)[0m
2023.10.08 14:22:38 INFO  time: compiled calculator in 0.37s[0m
2023.10.08 14:22:43 INFO  compiling calculator (1 scala source)[0m
2023.10.08 14:22:43 INFO  time: compiled calculator in 0.14s[0m
oct. 08, 2023 2:30:17 PM org.eclipse.lsp4j.jsonrpc.RemoteEndpoint handleCancellation
AVERTISSEMENT: Unmatched cancel notification for request id 501
2023.10.08 14:30:59 INFO  compiling calculator (1 scala source)[0m
2023.10.08 14:30:59 INFO  time: compiled calculator in 0.62s[0m
2023.10.08 14:31:49 INFO  compiling calculator (1 scala source)[0m
2023.10.08 14:31:49 INFO  time: compiled calculator in 0.12s[0m
2023.10.08 14:33:17 INFO  compiling calculator (1 scala source)[0m
2023.10.08 14:33:17 INFO  time: compiled calculator in 0.13s[0m
2023.10.08 14:36:20 INFO  compiling calculator (1 scala source)[0m
2023.10.08 14:36:20 INFO  time: compiled calculator in 0.48s[0m
2023.10.08 14:37:40 INFO  compiling calculator (1 scala source)[0m
2023.10.08 14:37:40 INFO  time: compiled calculator in 0.47s[0m
2023.10.08 14:37:53 INFO  compiling calculator (1 scala source)[0m
2023.10.08 14:37:53 INFO  time: compiled calculator in 0.47s[0m
2023.10.08 14:38:05 INFO  compiling calculator (1 scala source)[0m
2023.10.08 14:38:05 INFO  time: compiled calculator in 0.29s[0m
2023.10.08 14:39:24 INFO  compiling calculator (1 scala source)[0m
2023.10.08 14:39:24 INFO  time: compiled calculator in 47ms[0m
2023.10.08 14:39:34 INFO  compiling calculator (1 scala source)[0m
2023.10.08 14:39:34 INFO  time: compiled calculator in 44ms[0m
2023.10.08 14:39:41 INFO  compiling calculator (1 scala source)[0m
2023.10.08 14:39:41 INFO  time: compiled calculator in 40ms[0m
2023.10.08 14:39:49 INFO  compiling calculator (1 scala source)[0m
2023.10.08 14:39:49 INFO  time: compiled calculator in 0.13s[0m
2023.10.08 14:39:49 INFO  compiling calculator (3 scala sources)[0m
2023.10.08 14:39:49 INFO  time: compiled calculator in 0.59s[0m
2023.10.08 14:39:59 INFO  compiling calculator (2 scala sources)[0m
2023.10.08 14:39:59 INFO  compiling calculator-test (1 scala source)[0m
2023.10.08 14:39:59 INFO  time: compiled calculator in 0.23s[0m
2023.10.08 14:39:59 INFO  time: compiled calculator-test in 0.13s[0m
2023.10.08 14:39:59 INFO  compiling calculator-test (1 scala source)[0m
2023.10.08 14:39:59 INFO  time: compiled calculator-test in 98ms[0m
2023.10.08 14:40:58 INFO  compiling calculator (1 scala source)[0m
2023.10.08 14:40:58 INFO  time: compiled calculator in 46ms[0m
2023.10.08 14:41:12 INFO  compiling calculator (1 scala source)[0m
2023.10.08 14:41:12 INFO  time: compiled calculator in 0.11s[0m
2023.10.08 14:41:12 INFO  compiling calculator (3 scala sources)[0m
2023.10.08 14:41:12 INFO  time: compiled calculator in 0.51s[0m
oct. 08, 2023 2:41:58 PM org.eclipse.lsp4j.jsonrpc.RemoteEndpoint fallbackResponseError
GRAVE: Internal error: java.lang.StringIndexOutOfBoundsException: begin 1364, end 1371, length 1370
java.util.concurrent.CompletionException: java.lang.StringIndexOutOfBoundsException: begin 1364, end 1371, length 1370
	at java.base/java.util.concurrent.CompletableFuture.encodeThrowable(CompletableFuture.java:332)
	at java.base/java.util.concurrent.CompletableFuture.completeThrowable(CompletableFuture.java:347)
	at java.base/java.util.concurrent.CompletableFuture$UniAccept.tryFire(CompletableFuture.java:708)
	at java.base/java.util.concurrent.CompletableFuture.postComplete(CompletableFuture.java:510)
	at java.base/java.util.concurrent.CompletableFuture.completeExceptionally(CompletableFuture.java:2162)
	at scala.meta.internal.metals.CancelTokens$.$anonfun$future$1(CancelTokens.scala:40)
	at scala.meta.internal.metals.CancelTokens$.$anonfun$future$1$adapted(CancelTokens.scala:38)
	at scala.concurrent.impl.Promise$Transformation.run(Promise.scala:484)
	at java.base/java.util.concurrent.ThreadPoolExecutor.runWorker(ThreadPoolExecutor.java:1136)
	at java.base/java.util.concurrent.ThreadPoolExecutor$Worker.run(ThreadPoolExecutor.java:635)
	at java.base/java.lang.Thread.run(Thread.java:833)
Caused by: java.lang.StringIndexOutOfBoundsException: begin 1364, end 1371, length 1370
	at java.base/java.lang.String.checkBoundsBeginEnd(String.java:4602)
	at java.base/java.lang.String.substring(String.java:2705)
	at scala.meta.internal.metals.codeactions.FlatMapToForComprehensionCodeAction.getIndentForPos(FlatMapToForComprehensionCodeAction.scala:677)
	at scala.meta.internal.metals.codeactions.FlatMapToForComprehensionCodeAction.$anonfun$contribute$4(FlatMapToForComprehensionCodeAction.scala:57)
	at scala.Option.map(Option.scala:242)
	at scala.meta.internal.metals.codeactions.FlatMapToForComprehensionCodeAction.$anonfun$contribute$3(FlatMapToForComprehensionCodeAction.scala:53)
	at scala.Option.flatMap(Option.scala:283)
	at scala.meta.internal.metals.codeactions.FlatMapToForComprehensionCodeAction.$anonfun$contribute$2(FlatMapToForComprehensionCodeAction.scala:52)
	at scala.Option.flatMap(Option.scala:283)
	at scala.meta.internal.metals.codeactions.FlatMapToForComprehensionCodeAction.$anonfun$contribute$1(FlatMapToForComprehensionCodeAction.scala:51)
	at scala.concurrent.Future$.$anonfun$apply$1(Future.scala:687)
	at scala.concurrent.impl.Promise$Transformation.run(Promise.scala:467)
	... 3 more

2023.10.08 14:42:22 INFO  compiling calculator (3 scala sources)[0m
2023.10.08 14:42:22 INFO  time: compiled calculator in 0.22s[0m
2023.10.08 14:43:30 INFO  compiling calculator (1 scala source)[0m
2023.10.08 14:43:30 INFO  time: compiled calculator in 40ms[0m
oct. 08, 2023 2:45:17 PM org.eclipse.lsp4j.jsonrpc.RemoteEndpoint fallbackResponseError
GRAVE: Internal error: java.lang.StringIndexOutOfBoundsException: begin 2079, end 2114, length 2109
java.util.concurrent.CompletionException: java.lang.StringIndexOutOfBoundsException: begin 2079, end 2114, length 2109
	at java.base/java.util.concurrent.CompletableFuture.encodeThrowable(CompletableFuture.java:332)
	at java.base/java.util.concurrent.CompletableFuture.completeThrowable(CompletableFuture.java:347)
	at java.base/java.util.concurrent.CompletableFuture$UniAccept.tryFire(CompletableFuture.java:708)
	at java.base/java.util.concurrent.CompletableFuture.postComplete(CompletableFuture.java:510)
	at java.base/java.util.concurrent.CompletableFuture.completeExceptionally(CompletableFuture.java:2162)
	at scala.meta.internal.metals.CancelTokens$.$anonfun$future$1(CancelTokens.scala:40)
	at scala.meta.internal.metals.CancelTokens$.$anonfun$future$1$adapted(CancelTokens.scala:38)
	at scala.concurrent.impl.Promise$Transformation.run(Promise.scala:484)
	at java.base/java.util.concurrent.ThreadPoolExecutor.runWorker(ThreadPoolExecutor.java:1136)
	at java.base/java.util.concurrent.ThreadPoolExecutor$Worker.run(ThreadPoolExecutor.java:635)
	at java.base/java.lang.Thread.run(Thread.java:833)
Caused by: java.lang.StringIndexOutOfBoundsException: begin 2079, end 2114, length 2109
	at java.base/java.lang.String.checkBoundsBeginEnd(String.java:4602)
	at java.base/java.lang.String.substring(String.java:2705)
	at scala.meta.internal.metals.codeactions.FlatMapToForComprehensionCodeAction.getIndentForPos(FlatMapToForComprehensionCodeAction.scala:677)
	at scala.meta.internal.metals.codeactions.FlatMapToForComprehensionCodeAction.$anonfun$contribute$4(FlatMapToForComprehensionCodeAction.scala:57)
	at scala.Option.map(Option.scala:242)
	at scala.meta.internal.metals.codeactions.FlatMapToForComprehensionCodeAction.$anonfun$contribute$3(FlatMapToForComprehensionCodeAction.scala:53)
	at scala.Option.flatMap(Option.scala:283)
	at scala.meta.internal.metals.codeactions.FlatMapToForComprehensionCodeAction.$anonfun$contribute$2(FlatMapToForComprehensionCodeAction.scala:52)
	at scala.Option.flatMap(Option.scala:283)
	at scala.meta.internal.metals.codeactions.FlatMapToForComprehensionCodeAction.$anonfun$contribute$1(FlatMapToForComprehensionCodeAction.scala:51)
	at scala.concurrent.Future$.$anonfun$apply$1(Future.scala:687)
	at scala.concurrent.impl.Promise$Transformation.run(Promise.scala:467)
	... 3 more

oct. 08, 2023 2:45:23 PM org.eclipse.lsp4j.jsonrpc.RemoteEndpoint fallbackResponseError
GRAVE: Internal error: java.lang.StringIndexOutOfBoundsException: begin 2079, end 2114, length 2109
java.util.concurrent.CompletionException: java.lang.StringIndexOutOfBoundsException: begin 2079, end 2114, length 2109
	at java.base/java.util.concurrent.CompletableFuture.encodeThrowable(CompletableFuture.java:332)
	at java.base/java.util.concurrent.CompletableFuture.completeThrowable(CompletableFuture.java:347)
	at java.base/java.util.concurrent.CompletableFuture$UniAccept.tryFire(CompletableFuture.java:708)
	at java.base/java.util.concurrent.CompletableFuture.postComplete(CompletableFuture.java:510)
	at java.base/java.util.concurrent.CompletableFuture.completeExceptionally(CompletableFuture.java:2162)
	at scala.meta.internal.metals.CancelTokens$.$anonfun$future$1(CancelTokens.scala:40)
	at scala.meta.internal.metals.CancelTokens$.$anonfun$future$1$adapted(CancelTokens.scala:38)
	at scala.concurrent.impl.Promise$Transformation.run(Promise.scala:484)
	at java.base/java.util.concurrent.ThreadPoolExecutor.runWorker(ThreadPoolExecutor.java:1136)
	at java.base/java.util.concurrent.ThreadPoolExecutor$Worker.run(ThreadPoolExecutor.java:635)
	at java.base/java.lang.Thread.run(Thread.java:833)
Caused by: java.lang.StringIndexOutOfBoundsException: begin 2079, end 2114, length 2109
	at java.base/java.lang.String.checkBoundsBeginEnd(String.java:4602)
	at java.base/java.lang.String.substring(String.java:2705)
	at scala.meta.internal.metals.codeactions.FlatMapToForComprehensionCodeAction.getIndentForPos(FlatMapToForComprehensionCodeAction.scala:677)
	at scala.meta.internal.metals.codeactions.FlatMapToForComprehensionCodeAction.$anonfun$contribute$4(FlatMapToForComprehensionCodeAction.scala:57)
	at scala.Option.map(Option.scala:242)
	at scala.meta.internal.metals.codeactions.FlatMapToForComprehensionCodeAction.$anonfun$contribute$3(FlatMapToForComprehensionCodeAction.scala:53)
	at scala.Option.flatMap(Option.scala:283)
	at scala.meta.internal.metals.codeactions.FlatMapToForComprehensionCodeAction.$anonfun$contribute$2(FlatMapToForComprehensionCodeAction.scala:52)
	at scala.Option.flatMap(Option.scala:283)
	at scala.meta.internal.metals.codeactions.FlatMapToForComprehensionCodeAction.$anonfun$contribute$1(FlatMapToForComprehensionCodeAction.scala:51)
	at scala.concurrent.Future$.$anonfun$apply$1(Future.scala:687)
	at scala.concurrent.impl.Promise$Transformation.run(Promise.scala:467)
	... 3 more

oct. 08, 2023 2:45:25 PM org.eclipse.lsp4j.jsonrpc.RemoteEndpoint handleCancellation
AVERTISSEMENT: Unmatched cancel notification for request id 1163
2023.10.08 14:45:33 INFO  compiling calculator (1 scala source)[0m
2023.10.08 14:45:33 INFO  time: compiled calculator in 41ms[0m
2023.10.08 14:45:40 INFO  compiling calculator (1 scala source)[0m
2023.10.08 14:45:40 INFO  time: compiled calculator in 41ms[0m
2023.10.08 14:45:52 INFO  compiling calculator (1 scala source)[0m
2023.10.08 14:45:52 INFO  time: compiled calculator in 0.11s[0m
2023.10.08 14:46:14 INFO  compiling calculator (1 scala source)[0m
2023.10.08 14:46:14 INFO  time: compiled calculator in 0.11s[0m
2023.10.08 14:47:20 INFO  compiling calculator (1 scala source)[0m
2023.10.08 14:47:20 INFO  time: compiled calculator in 0.11s[0m
2023.10.08 14:50:20 INFO  compiling calculator (1 scala source)[0m
2023.10.08 14:50:20 INFO  time: compiled calculator in 0.31s[0m
2023.10.08 14:50:29 INFO  compiling calculator (1 scala source)[0m
2023.10.08 14:50:29 INFO  time: compiled calculator in 0.13s[0m
oct. 08, 2023 2:59:38 PM org.eclipse.lsp4j.jsonrpc.RemoteEndpoint fallbackResponseError
GRAVE: Internal error: java.lang.StringIndexOutOfBoundsException: begin 2153, end 2182, length 2175
java.util.concurrent.CompletionException: java.lang.StringIndexOutOfBoundsException: begin 2153, end 2182, length 2175
	at java.base/java.util.concurrent.CompletableFuture.encodeThrowable(CompletableFuture.java:332)
	at java.base/java.util.concurrent.CompletableFuture.completeThrowable(CompletableFuture.java:347)
	at java.base/java.util.concurrent.CompletableFuture$UniAccept.tryFire(CompletableFuture.java:708)
	at java.base/java.util.concurrent.CompletableFuture.postComplete(CompletableFuture.java:510)
	at java.base/java.util.concurrent.CompletableFuture.completeExceptionally(CompletableFuture.java:2162)
	at scala.meta.internal.metals.CancelTokens$.$anonfun$future$1(CancelTokens.scala:40)
	at scala.meta.internal.metals.CancelTokens$.$anonfun$future$1$adapted(CancelTokens.scala:38)
	at scala.concurrent.impl.Promise$Transformation.run(Promise.scala:484)
	at java.base/java.util.concurrent.ThreadPoolExecutor.runWorker(ThreadPoolExecutor.java:1136)
	at java.base/java.util.concurrent.ThreadPoolExecutor$Worker.run(ThreadPoolExecutor.java:635)
	at java.base/java.lang.Thread.run(Thread.java:833)
Caused by: java.lang.StringIndexOutOfBoundsException: begin 2153, end 2182, length 2175
	at java.base/java.lang.String.checkBoundsBeginEnd(String.java:4602)
	at java.base/java.lang.String.substring(String.java:2705)
	at scala.meta.internal.metals.codeactions.FlatMapToForComprehensionCodeAction.getIndentForPos(FlatMapToForComprehensionCodeAction.scala:677)
	at scala.meta.internal.metals.codeactions.FlatMapToForComprehensionCodeAction.$anonfun$contribute$4(FlatMapToForComprehensionCodeAction.scala:57)
	at scala.Option.map(Option.scala:242)
	at scala.meta.internal.metals.codeactions.FlatMapToForComprehensionCodeAction.$anonfun$contribute$3(FlatMapToForComprehensionCodeAction.scala:53)
	at scala.Option.flatMap(Option.scala:283)
	at scala.meta.internal.metals.codeactions.FlatMapToForComprehensionCodeAction.$anonfun$contribute$2(FlatMapToForComprehensionCodeAction.scala:52)
	at scala.Option.flatMap(Option.scala:283)
	at scala.meta.internal.metals.codeactions.FlatMapToForComprehensionCodeAction.$anonfun$contribute$1(FlatMapToForComprehensionCodeAction.scala:51)
	at scala.concurrent.Future$.$anonfun$apply$1(Future.scala:687)
	at scala.concurrent.impl.Promise$Transformation.run(Promise.scala:467)
	... 3 more

2023.10.08 14:59:42 INFO  compiling calculator (1 scala source)[0m
2023.10.08 14:59:42 INFO  time: compiled calculator in 0.12s[0m
2023.10.08 15:06:09 INFO  compiling calculator (1 scala source)[0m
2023.10.08 15:06:09 INFO  time: compiled calculator in 73ms[0m
2023.10.08 15:06:40 INFO  compiling calculator (1 scala source)[0m
2023.10.08 15:06:40 INFO  time: compiled calculator in 0.37s[0m
2023.10.08 15:06:54 INFO  compiling calculator (1 scala source)[0m
2023.10.08 15:06:54 INFO  time: compiled calculator in 0.12s[0m
2023.10.08 15:07:21 INFO  compiling calculator (1 scala source)[0m
2023.10.08 15:07:21 INFO  time: compiled calculator in 0.1s[0m
2023.10.08 15:07:31 INFO  compiling calculator (1 scala source)[0m
2023.10.08 15:07:31 INFO  time: compiled calculator in 0.12s[0m
2023.10.08 15:12:24 INFO  compiling calculator (1 scala source)[0m
2023.10.08 15:12:24 INFO  time: compiled calculator in 82ms[0m
2023.10.08 15:15:08 INFO  compiling calculator (1 scala source)[0m
2023.10.08 15:15:08 INFO  time: compiled calculator in 0.62s[0m
2023.10.08 15:15:13 INFO  compiling calculator (1 scala source)[0m
2023.10.08 15:15:13 INFO  time: compiled calculator in 0.81s[0m
2023.10.08 15:15:29 INFO  compiling calculator (1 scala source)[0m
2023.10.08 15:15:29 INFO  time: compiled calculator in 0.45s[0m
2023.10.08 15:15:35 INFO  compiling calculator (1 scala source)[0m
2023.10.08 15:15:35 INFO  time: compiled calculator in 0.42s[0m
2023.10.08 15:15:37 INFO  compiling calculator (1 scala source)[0m
2023.10.08 15:15:37 INFO  time: compiled calculator in 0.42s[0m
2023.10.08 15:15:42 INFO  compiling calculator (1 scala source)[0m
2023.10.08 15:15:42 INFO  time: compiled calculator in 73ms[0m
2023.10.08 15:17:49 INFO  compiling calculator (1 scala source)[0m
2023.10.08 15:17:49 INFO  time: compiled calculator in 0.27s[0m
2023.10.08 15:18:02 INFO  compiling calculator (1 scala source)[0m
2023.10.08 15:18:02 INFO  time: compiled calculator in 41ms[0m
2023.10.08 15:18:26 INFO  compiling calculator (1 scala source)[0m
2023.10.08 15:18:26 INFO  time: compiled calculator in 77ms[0m
2023.10.08 15:18:52 INFO  compiling calculator (1 scala source)[0m
2023.10.08 15:18:52 INFO  time: compiled calculator in 84ms[0m
2023.10.08 15:19:54 INFO  compiling calculator (1 scala source)[0m
2023.10.08 15:19:54 INFO  time: compiled calculator in 0.57s[0m
2023.10.08 15:20:02 INFO  compiling calculator (1 scala source)[0m
2023.10.08 15:20:02 INFO  time: compiled calculator in 0.54s[0m
2023.10.08 15:20:14 INFO  compiling calculator (1 scala source)[0m
2023.10.08 15:20:14 INFO  time: compiled calculator in 0.49s[0m
2023.10.08 15:20:22 INFO  compiling calculator (1 scala source)[0m
2023.10.08 15:20:22 INFO  time: compiled calculator in 80ms[0m
2023.10.08 15:26:15 INFO  compiling calculator (1 scala source)[0m
2023.10.08 15:26:15 INFO  time: compiled calculator in 0.13s[0m
2023.10.08 15:26:32 INFO  compiling calculator (1 scala source)[0m
2023.10.08 15:26:32 INFO  time: compiled calculator in 88ms[0m
2023.10.08 15:27:15 INFO  compiling calculator (1 scala source)[0m
2023.10.08 15:27:15 INFO  time: compiled calculator in 83ms[0m
2023.10.08 15:27:48 INFO  compiling calculator (1 scala source)[0m
2023.10.08 15:27:48 INFO  time: compiled calculator in 84ms[0m
2023.10.08 15:29:38 INFO  compiling calculator (1 scala source)[0m
2023.10.08 15:29:38 INFO  time: compiled calculator in 88ms[0m
2023.10.08 15:30:41 INFO  compiling calculator (1 scala source)[0m
2023.10.08 15:30:41 INFO  time: compiled calculator in 85ms[0m
2023.10.08 15:31:39 INFO  compiling calculator (1 scala source)[0m
2023.10.08 15:31:39 INFO  time: compiled calculator in 0.11s[0m
2023.10.08 15:31:43 INFO  compiling calculator (1 scala source)[0m
2023.10.08 15:31:43 INFO  time: compiled calculator in 82ms[0m
2023.10.08 15:37:55 INFO  compiling calculator (1 scala source)[0m
2023.10.08 15:37:55 INFO  time: compiled calculator in 0.12s[0m
2023.10.08 15:38:18 INFO  compiling calculator (1 scala source)[0m
2023.10.08 15:38:18 INFO  time: compiled calculator in 88ms[0m
2023.10.08 15:38:52 INFO  compiling calculator (1 scala source)[0m
2023.10.08 15:38:52 INFO  time: compiled calculator in 86ms[0m
2023.10.08 15:39:49 INFO  compiling calculator (1 scala source)[0m
2023.10.08 15:39:49 INFO  time: compiled calculator in 84ms[0m
2023.10.08 15:39:53 INFO  compiling calculator (1 scala source)[0m
2023.10.08 15:39:53 INFO  time: compiled calculator in 83ms[0m
2023.10.08 15:40:18 INFO  compiling calculator (1 scala source)[0m
2023.10.08 15:40:18 INFO  time: compiled calculator in 83ms[0m
2023.10.08 15:42:58 INFO  compiling calculator (1 scala source)[0m
2023.10.08 15:42:58 INFO  time: compiled calculator in 89ms[0m
2023.10.08 15:47:33 INFO  compiling calculator (1 scala source)[0m
2023.10.08 15:47:33 INFO  time: compiled calculator in 73ms[0m
2023.10.08 15:48:23 INFO  compiling calculator (1 scala source)[0m
2023.10.08 15:48:23 INFO  time: compiled calculator in 72ms[0m
2023.10.08 15:49:35 INFO  compiling calculator (1 scala source)[0m
2023.10.08 15:49:35 INFO  time: compiled calculator in 32ms[0m
2023.10.08 15:49:36 INFO  compiling calculator (1 scala source)[0m
2023.10.08 15:49:36 INFO  time: compiled calculator in 81ms[0m
2023.10.08 15:49:50 INFO  compiling calculator (1 scala source)[0m
2023.10.08 15:49:50 INFO  time: compiled calculator in 80ms[0m
2023.10.08 15:49:52 INFO  compiling calculator-test (1 scala source)[0m
2023.10.08 15:49:52 INFO  time: compiled calculator-test in 0.12s[0m
2023.10.08 15:49:52 INFO  compiling calculator-test (1 scala source)[0m
2023.10.08 15:49:52 INFO  time: compiled calculator-test in 80ms[0m
2023.10.08 16:04:08 INFO  compiling calculator (1 scala source)[0m
2023.10.08 16:04:08 INFO  time: compiled calculator in 88ms[0m
2023.10.08 16:08:32 INFO  compiling calculator (1 scala source)[0m
2023.10.08 16:08:32 INFO  time: compiled calculator in 96ms[0m
2023.10.08 17:17:25 INFO  compiling calculator (1 scala source)[0m
2023.10.08 17:17:25 INFO  time: compiled calculator in 0.12s[0m
2023.10.08 17:19:31 INFO  compiling calculator (1 scala source)[0m
2023.10.08 17:19:31 INFO  time: compiled calculator in 57ms[0m
