2023.09.28 08:27:54 INFO  Started: Metals version 1.0.1 in folders '/Users/arthur/epfl/ba3/cs214/labs/boids' for client Visual Studio Code 1.82.2.[0m
sept. 28, 2023 8:27:54 AM org.flywaydb.core.internal.license.VersionPrinter printVersionOnly
INFOS: Flyway Community Edition 9.21.2 by Redgate
sept. 28, 2023 8:27:54 AM org.flywaydb.core.internal.license.VersionPrinter printVersion
INFOS: See release notes here: https://rd.gt/416ObMi
sept. 28, 2023 8:27:54 AM org.flywaydb.core.internal.license.VersionPrinter printVersion
INFOS: 
sept. 28, 2023 8:27:54 AM org.flywaydb.core.FlywayExecutor execute
INFOS: Database: jdbc:h2:file:/Users/arthur/epfl/ba3/cs214/labs/boids/.metals/metals (H2 2.1)
sept. 28, 2023 8:27:54 AM org.flywaydb.core.internal.schemahistory.JdbcTableSchemaHistory allAppliedMigrations
INFOS: Schema history table "PUBLIC"."flyway_schema_history" does not exist yet
sept. 28, 2023 8:27:54 AM org.flywaydb.core.internal.command.DbValidate validate
INFOS: Successfully validated 4 migrations (execution time 00:00.007s)
sept. 28, 2023 8:27:54 AM org.flywaydb.core.internal.schemahistory.JdbcTableSchemaHistory create
INFOS: Creating Schema History table "PUBLIC"."flyway_schema_history" ...
sept. 28, 2023 8:27:54 AM org.flywaydb.core.internal.command.DbMigrate migrateGroup
INFOS: Current version of schema "PUBLIC": << Empty Schema >>
sept. 28, 2023 8:27:54 AM org.flywaydb.core.internal.command.DbMigrate doMigrateGroup
INFOS: Migrating schema "PUBLIC" to version "1 - Create tables"
sept. 28, 2023 8:27:54 AM org.flywaydb.core.internal.command.DbMigrate doMigrateGroup
INFOS: Migrating schema "PUBLIC" to version "2 - Server discovery"
sept. 28, 2023 8:27:54 AM org.flywaydb.core.internal.command.DbMigrate doMigrateGroup
INFOS: Migrating schema "PUBLIC" to version "3 - Jar symbols"
sept. 28, 2023 8:27:54 AM org.flywaydb.core.internal.command.DbMigrate doMigrateGroup
INFOS: Migrating schema "PUBLIC" to version "4 - Fingerprints"
sept. 28, 2023 8:27:54 AM org.flywaydb.core.internal.command.DbMigrate logSummary
INFOS: Successfully applied 4 migrations to schema "PUBLIC", now at version v4 (execution time 00:00.007s)
2023.09.28 08:27:54 INFO  time: initialize in 0.33s[0m
2023.09.28 08:27:54 WARN  Build server is not auto-connectable.[0m
2023.09.28 08:37:38 INFO  running '/Library/Java/JavaVirtualMachines/temurin-17.jdk/Contents/Home/bin/java -Djline.terminal=jline.UnsupportedTerminal -Dsbt.log.noformat=true -Dfile.encoding=UTF-8 -jar /var/folders/25/sm73v1fj2zd3yn5z3lmrmfcm0000gn/T/metals8432984632855244862/sbt-launch.jar -Dbloop.export-jar-classifiers=sources bloopInstall'[0m
2023.09.28 08:37:38 WARN  no build target for: /Users/arthur/epfl/ba3/cs214/labs/boids/project/metals.sbt[0m
2023.09.28 08:37:38 WARN  no build target for: /Users/arthur/epfl/ba3/cs214/labs/boids/project/project/metals.sbt[0m
2023.09.28 08:37:38 INFO  skipping build import with status 'Started'[0m
2023.09.28 08:37:38 INFO  [info] welcome to sbt 1.9.4 (Eclipse Adoptium Java 17.0.6)[0m
2023.09.28 08:37:39 INFO  [info] loading settings for project boids-build-build-build from metals.sbt ...[0m
2023.09.28 08:37:40 INFO  no build target found for /Users/arthur/epfl/ba3/cs214/labs/boids/project/metals.sbt. Using presentation compiler with project's scala-library version: 3.3.0[0m
2023.09.28 08:37:39 INFO  [info] loading project definition from /Users/arthur/epfl/ba3/cs214/labs/boids/project/project/project[0m
2023.09.28 08:37:41 INFO  [info] loading settings for project boids-build-build from metals.sbt ...[0m
2023.09.28 08:37:41 INFO  [info] loading project definition from /Users/arthur/epfl/ba3/cs214/labs/boids/project/project[0m
2023.09.28 08:37:41 INFO  [success] Generated .bloop/boids-build-build.json[0m
2023.09.28 08:37:41 INFO  [success] Total time: 1 s, completed 28 sept. 2023, 08:37:42[0m
2023.09.28 08:37:42 INFO  [info] loading settings for project boids-build from metals.sbt,plugins.sbt ...[0m
2023.09.28 08:37:42 INFO  [info] loading project definition from /Users/arthur/epfl/ba3/cs214/labs/boids/project[0m
2023.09.28 08:37:42 INFO  [success] Generated .bloop/boids-build.json[0m
2023.09.28 08:37:42 INFO  [success] Total time: 1 s, completed 28 sept. 2023, 08:37:43[0m
2023.09.28 08:37:43 INFO  [info] loading settings for project boids from build.sbt ...[0m
2023.09.28 08:37:43 INFO  [info] set current project to boids (in build file:/Users/arthur/epfl/ba3/cs214/labs/boids/)[0m
2023.09.28 08:37:47 INFO  [success] Generated .bloop/boids-test.json[0m
2023.09.28 08:37:47 INFO  [success] Generated .bloop/boids.json[0m
2023.09.28 08:37:47 INFO  [success] Total time: 3 s, completed 28 sept. 2023, 08:37:47[0m
2023.09.28 08:37:47 INFO  time: ran 'sbt bloopInstall' in 9.29s[0m
2023.09.28 08:37:47 INFO  Attempting to connect to the build server...[0m
2023.09.28 08:37:47 INFO  Bloop uses /Library/Java/JavaVirtualMachines/temurin-17.jdk/Contents/Home defined at /Users/arthur/.bloop/bloop.json[0m
2023.09.28 08:37:47 INFO  tracing is disabled for protocol BSP, to enable tracing of incoming and outgoing JSON messages create an empty file at /Users/arthur/epfl/ba3/cs214/labs/boids/.metals/bsp.trace.json or /Users/arthur/Library/Caches/org.scalameta.metals/bsp.trace.json[0m
2023.09.28 08:37:48 INFO  Attempting to connect to the build server...[0m
2023.09.28 08:37:48 INFO  Bloop uses /Library/Java/JavaVirtualMachines/temurin-17.jdk/Contents/Home defined at /Users/arthur/.bloop/bloop.json[0m
2023.09.28 08:37:48 INFO  Attempting to connect to the build server...[0m
2023.09.28 08:37:48 INFO  Bloop uses /Library/Java/JavaVirtualMachines/temurin-17.jdk/Contents/Home defined at /Users/arthur/.bloop/bloop.json[0m
2023.09.28 08:37:48 INFO  tracing is disabled for protocol BSP, to enable tracing of incoming and outgoing JSON messages create an empty file at /Users/arthur/epfl/ba3/cs214/labs/boids/project/project/.metals/bsp.trace.json or /Users/arthur/Library/Caches/org.scalameta.metals/bsp.trace.json[0m
2023.09.28 08:37:48 INFO  tracing is disabled for protocol BSP, to enable tracing of incoming and outgoing JSON messages create an empty file at /Users/arthur/epfl/ba3/cs214/labs/boids/project/.metals/bsp.trace.json or /Users/arthur/Library/Caches/org.scalameta.metals/bsp.trace.json[0m
2023.09.28 08:37:48 INFO  time: Connected to build server in 1.05s[0m
2023.09.28 08:37:48 INFO  Connected to Build server: Bloop v1.5.8[0m
2023.09.28 08:37:50 INFO  time: indexed workspace in 2.44s[0m
2023.09.28 08:37:54 INFO  compiling boids (8 scala sources)[0m
2023.09.28 08:37:58 INFO  time: compiled boids in 3.94s[0m
sept. 28, 2023 8:43:17 AM org.eclipse.lsp4j.jsonrpc.services.GenericEndpoint notify
INFOS: Unsupported notification method: $/setTrace
2023.09.28 08:44:38 INFO  compiling boids (1 scala source)[0m
2023.09.28 08:44:38 INFO  time: compiled boids in 0.23s[0m
2023.09.28 08:44:44 INFO  compiling boids (1 scala source)[0m
2023.09.28 08:44:44 INFO  time: compiled boids in 0.48s[0m
2023.09.28 08:45:05 INFO  compiling boids (1 scala source)[0m
2023.09.28 08:45:05 INFO  time: compiled boids in 0.1s[0m
sept. 28, 2023 8:45:56 AM org.eclipse.lsp4j.jsonrpc.RemoteEndpoint handleCancellation
AVERTISSEMENT: Unmatched cancel notification for request id 201
2023.09.28 08:45:56 INFO  compiling boids-test (2 scala sources)[0m
2023.09.28 08:45:56 INFO  time: compiled boids-test in 0.61s[0m
sept. 28, 2023 8:45:58 AM org.eclipse.lsp4j.jsonrpc.services.GenericEndpoint notify
INFOS: Unsupported notification method: $/setTrace
2023.09.28 08:46:36 INFO  compiling boids (1 scala source)[0m
2023.09.28 08:46:36 INFO  time: compiled boids in 97ms[0m
2023.09.28 08:47:11 INFO  compiling boids (1 scala source)[0m
2023.09.28 08:47:11 INFO  time: compiled boids in 86ms[0m
2023.09.28 08:47:18 INFO  compiling boids (1 scala source)[0m
2023.09.28 08:47:18 INFO  time: compiled boids in 82ms[0m
2023.09.28 08:47:24 INFO  compiling boids (1 scala source)[0m
2023.09.28 08:47:24 INFO  time: compiled boids in 78ms[0m
2023.09.28 08:52:08 INFO  compiling boids (1 scala source)[0m
2023.09.28 08:52:08 INFO  time: compiled boids in 0.15s[0m
2023.09.28 08:52:19 INFO  compiling boids (1 scala source)[0m
2023.09.28 08:52:19 INFO  time: compiled boids in 74ms[0m
2023.09.28 08:52:36 INFO  compiling boids (1 scala source)[0m
2023.09.28 08:52:36 INFO  time: compiled boids in 0.26s[0m
2023.09.28 08:52:56 INFO  compiling boids (1 scala source)[0m
2023.09.28 08:52:56 INFO  time: compiled boids in 0.26s[0m
2023.09.28 08:52:56 INFO  compiling boids (1 scala source)[0m
2023.09.28 08:52:57 INFO  time: compiled boids in 0.26s[0m
2023.09.28 08:53:02 INFO  compiling boids (1 scala source)[0m
2023.09.28 08:53:02 INFO  time: compiled boids in 0.22s[0m
2023.09.28 08:53:20 INFO  compiling boids (1 scala source)[0m
2023.09.28 08:53:20 INFO  time: compiled boids in 0.19s[0m
sept. 28, 2023 8:53:29 AM org.eclipse.lsp4j.jsonrpc.RemoteEndpoint handleCancellation
AVERTISSEMENT: Unmatched cancel notification for request id 713
2023.09.28 08:53:30 INFO  compiling boids (1 scala source)[0m
2023.09.28 08:53:30 INFO  time: compiled boids in 0.17s[0m
2023.09.28 08:53:40 INFO  compiling boids (1 scala source)[0m
2023.09.28 08:53:40 INFO  time: compiled boids in 0.13s[0m
2023.09.28 08:53:52 INFO  compiling boids (1 scala source)[0m
2023.09.28 08:53:52 INFO  time: compiled boids in 0.13s[0m
2023.09.28 08:53:52 INFO  compiling boids (1 scala source)[0m
2023.09.28 08:53:52 INFO  time: compiled boids in 0.13s[0m
2023.09.28 08:54:08 INFO  compiling boids (1 scala source)[0m
2023.09.28 08:54:08 INFO  time: compiled boids in 0.73s[0m
2023.09.28 08:54:08 INFO  compiling boids (1 scala source)[0m
2023.09.28 08:54:10 INFO  time: compiled boids in 0.69s[0m
2023.09.28 08:54:12 INFO  compiling boids (1 scala source)[0m
2023.09.28 08:54:12 INFO  time: compiled boids in 0.53s[0m
2023.09.28 08:57:15 INFO  compiling boids (1 scala source)[0m
2023.09.28 08:57:15 INFO  time: compiled boids in 0.5s[0m
2023.09.28 08:57:29 INFO  compiling boids (1 scala source)[0m
2023.09.28 08:57:29 INFO  time: compiled boids in 0.29s[0m
2023.09.28 08:57:35 INFO  compiling boids (1 scala source)[0m
2023.09.28 08:57:35 INFO  time: compiled boids in 83ms[0m
sept. 28, 2023 8:57:52 AM org.eclipse.lsp4j.jsonrpc.RemoteEndpoint handleCancellation
AVERTISSEMENT: Unmatched cancel notification for request id 985
2023.09.28 08:58:41 INFO  compiling boids (1 scala source)[0m
2023.09.28 08:58:41 INFO  time: compiled boids in 72ms[0m
2023.09.28 08:59:02 INFO  compiling boids (1 scala source)[0m
2023.09.28 08:59:02 INFO  time: compiled boids in 65ms[0m
2023.09.28 08:59:59 INFO  compiling boids (1 scala source)[0m
2023.09.28 08:59:59 INFO  time: compiled boids in 0.11s[0m
2023.09.28 09:00:08 INFO  compiling boids (1 scala source)[0m
2023.09.28 09:00:08 INFO  time: compiled boids in 78ms[0m
2023.09.28 09:00:08 INFO  compiling boids (1 scala source)[0m
2023.09.28 09:00:08 INFO  time: compiled boids in 78ms[0m
2023.09.28 09:00:09 INFO  compiling boids (1 scala source)[0m
2023.09.28 09:00:09 INFO  time: compiled boids in 76ms[0m
2023.09.28 09:00:09 INFO  compiling boids (1 scala source)[0m
2023.09.28 09:00:09 INFO  time: compiled boids in 77ms[0m
2023.09.28 09:00:37 INFO  compiling boids (1 scala source)[0m
2023.09.28 09:00:37 INFO  time: compiled boids in 69ms[0m
2023.09.28 09:00:44 INFO  compiling boids (1 scala source)[0m
2023.09.28 09:00:44 INFO  time: compiled boids in 51ms[0m
2023.09.28 09:00:45 INFO  compiling boids (1 scala source)[0m
2023.09.28 09:00:45 INFO  time: compiled boids in 50ms[0m
2023.09.28 09:01:04 INFO  compiling boids (1 scala source)[0m
2023.09.28 09:01:04 INFO  time: compiled boids in 41ms[0m
2023.09.28 09:01:04 INFO  compiling boids (1 scala source)[0m
2023.09.28 09:01:04 INFO  time: compiled boids in 49ms[0m
2023.09.28 09:02:25 INFO  compiling boids (1 scala source)[0m
2023.09.28 09:02:25 INFO  time: compiled boids in 67ms[0m
2023.09.28 09:04:42 INFO  compiling boids (1 scala source)[0m
2023.09.28 09:04:42 INFO  time: compiled boids in 0.42s[0m
2023.09.28 09:04:49 INFO  compiling boids (1 scala source)[0m
2023.09.28 09:04:49 INFO  time: compiled boids in 0.45s[0m
2023.09.28 09:05:06 INFO  compiling boids (1 scala source)[0m
2023.09.28 09:05:06 INFO  time: compiled boids in 0.35s[0m
2023.09.28 09:05:20 INFO  compiling boids (1 scala source)[0m
2023.09.28 09:05:20 INFO  time: compiled boids in 0.35s[0m
sept. 28, 2023 9:05:33 AM org.eclipse.lsp4j.jsonrpc.RemoteEndpoint handleCancellation
AVERTISSEMENT: Unmatched cancel notification for request id 1566
2023.09.28 09:05:41 INFO  compiling boids (1 scala source)[0m
2023.09.28 09:05:41 INFO  time: compiled boids in 0.26s[0m
2023.09.28 09:06:36 INFO  compiling boids (1 scala source)[0m
2023.09.28 09:06:36 INFO  time: compiled boids in 0.35s[0m
2023.09.28 09:06:45 INFO  compiling boids (1 scala source)[0m
2023.09.28 09:06:45 INFO  time: compiled boids in 0.36s[0m
2023.09.28 09:08:03 INFO  compiling boids (1 scala source)[0m
2023.09.28 09:08:03 INFO  time: compiled boids in 0.26s[0m
2023.09.28 09:08:03 INFO  compiling boids (1 scala source)[0m
2023.09.28 09:08:03 INFO  time: compiled boids in 0.25s[0m
2023.09.28 09:08:09 INFO  compiling boids (1 scala source)[0m
2023.09.28 09:08:09 INFO  time: compiled boids in 63ms[0m
2023.09.28 09:08:28 INFO  compiling boids (1 scala source)[0m
2023.09.28 09:08:28 INFO  time: compiled boids in 28ms[0m
2023.09.28 09:08:29 INFO  compiling boids (1 scala source)[0m
2023.09.28 09:08:29 INFO  time: compiled boids in 31ms[0m
2023.09.28 09:08:31 INFO  compiling boids (1 scala source)[0m
2023.09.28 09:08:31 INFO  time: compiled boids in 55ms[0m
2023.09.28 09:12:14 INFO  compiling boids (1 scala source)[0m
2023.09.28 09:12:14 INFO  time: compiled boids in 0.27s[0m
2023.09.28 09:12:17 INFO  compiling boids (1 scala source)[0m
2023.09.28 09:12:17 INFO  time: compiled boids in 0.26s[0m
2023.09.28 09:12:19 INFO  compiling boids (1 scala source)[0m
2023.09.28 09:12:19 INFO  time: compiled boids in 0.27s[0m
2023.09.28 09:12:42 INFO  compiling boids (1 scala source)[0m
2023.09.28 09:12:42 INFO  time: compiled boids in 0.26s[0m
2023.09.28 09:12:47 INFO  compiling boids (1 scala source)[0m
2023.09.28 09:12:47 INFO  time: compiled boids in 0.27s[0m
2023.09.28 09:12:49 INFO  compiling boids (1 scala source)[0m
2023.09.28 09:12:49 INFO  time: compiled boids in 0.26s[0m
2023.09.28 09:13:01 INFO  compiling boids (1 scala source)[0m
2023.09.28 09:13:01 INFO  time: compiled boids in 0.26s[0m
2023.09.28 09:13:32 INFO  compiling boids (1 scala source)[0m
2023.09.28 09:13:32 INFO  time: compiled boids in 0.27s[0m
2023.09.28 09:13:38 INFO  compiling boids (1 scala source)[0m
2023.09.28 09:13:38 INFO  time: compiled boids in 0.26s[0m
2023.09.28 09:13:54 INFO  compiling boids (1 scala source)[0m
2023.09.28 09:13:54 INFO  time: compiled boids in 0.25s[0m
sept. 28, 2023 9:14:26 AM org.eclipse.lsp4j.jsonrpc.RemoteEndpoint handleCancellation
AVERTISSEMENT: Unmatched cancel notification for request id 2199
2023.09.28 09:14:37 INFO  compiling boids (1 scala source)[0m
2023.09.28 09:14:37 INFO  time: compiled boids in 0.34s[0m
2023.09.28 09:15:11 INFO  compiling boids (1 scala source)[0m
2023.09.28 09:15:11 INFO  time: compiled boids in 70ms[0m
2023.09.28 09:15:33 INFO  compiling boids (1 scala source)[0m
2023.09.28 09:15:33 INFO  time: compiled boids in 63ms[0m
2023.09.28 09:16:09 INFO  compiling boids (1 scala source)[0m
2023.09.28 09:16:09 INFO  time: compiled boids in 54ms[0m
2023.09.28 09:26:41 INFO  compiling boids (1 scala source)[0m
2023.09.28 09:26:41 INFO  time: compiled boids in 29ms[0m
2023.09.28 09:26:53 INFO  compiling boids (1 scala source)[0m
2023.09.28 09:26:53 INFO  time: compiled boids in 0.26s[0m
2023.09.28 09:26:54 INFO  compiling boids (1 scala source)[0m
2023.09.28 09:26:54 INFO  time: compiled boids in 0.26s[0m
2023.09.28 09:27:03 INFO  compiling boids (1 scala source)[0m
2023.09.28 09:27:03 INFO  time: compiled boids in 30ms[0m
2023.09.28 09:27:05 INFO  compiling boids (1 scala source)[0m
2023.09.28 09:27:05 INFO  time: compiled boids in 31ms[0m
2023.09.28 09:29:46 INFO  compiling boids (1 scala source)[0m
2023.09.28 09:29:46 INFO  time: compiled boids in 0.27s[0m
2023.09.28 09:29:49 INFO  compiling boids (1 scala source)[0m
2023.09.28 09:29:49 INFO  time: compiled boids in 0.25s[0m
2023.09.28 09:29:57 INFO  compiling boids (1 scala source)[0m
2023.09.28 09:29:57 INFO  time: compiled boids in 0.28s[0m
2023.09.28 09:30:07 INFO  compiling boids (1 scala source)[0m
2023.09.28 09:30:07 INFO  time: compiled boids in 0.26s[0m
2023.09.28 09:31:23 INFO  compiling boids (1 scala source)[0m
2023.09.28 09:31:23 INFO  time: compiled boids in 0.26s[0m
2023.09.28 09:31:36 INFO  compiling boids (1 scala source)[0m
2023.09.28 09:31:36 INFO  time: compiled boids in 0.25s[0m
sept. 28, 2023 9:31:56 AM org.eclipse.lsp4j.jsonrpc.RemoteEndpoint handleCancellation
AVERTISSEMENT: Unmatched cancel notification for request id 2900
2023.09.28 09:32:04 INFO  compiling boids (1 scala source)[0m
2023.09.28 09:32:04 INFO  time: compiled boids in 0.35s[0m
2023.09.28 09:32:09 INFO  compiling boids (1 scala source)[0m
2023.09.28 09:32:09 INFO  time: compiled boids in 67ms[0m
2023.09.28 09:37:50 INFO  compiling boids (1 scala source)[0m
2023.09.28 09:37:50 INFO  time: compiled boids in 0.28s[0m
2023.09.28 09:37:54 INFO  compiling boids (1 scala source)[0m
2023.09.28 09:37:54 INFO  time: compiled boids in 0.27s[0m
2023.09.28 09:38:28 INFO  compiling boids (1 scala source)[0m
2023.09.28 09:38:28 INFO  time: compiled boids in 43ms[0m
2023.09.28 09:38:44 INFO  compiling boids (1 scala source)[0m
2023.09.28 09:38:44 INFO  time: compiled boids in 0.27s[0m
2023.09.28 09:39:21 INFO  compiling boids (1 scala source)[0m
2023.09.28 09:39:21 INFO  time: compiled boids in 0.26s[0m
2023.09.28 09:44:24 INFO  compiling boids (1 scala source)[0m
2023.09.28 09:44:24 INFO  time: compiled boids in 0.26s[0m
2023.09.28 09:44:32 INFO  compiling boids (1 scala source)[0m
2023.09.28 09:44:32 INFO  time: compiled boids in 0.3s[0m
2023.09.28 09:44:32 INFO  compiling boids (1 scala source)[0m
2023.09.28 09:44:32 INFO  time: compiled boids in 0.25s[0m
2023.09.28 09:45:17 INFO  compiling boids (1 scala source)[0m
2023.09.28 09:45:17 INFO  time: compiled boids in 61ms[0m
2023.09.28 09:45:22 INFO  compiling boids (1 scala source)[0m
2023.09.28 09:45:22 INFO  time: compiled boids in 0.26s[0m
2023.09.28 09:46:32 INFO  compiling boids (1 scala source)[0m
2023.09.28 09:46:32 INFO  time: compiled boids in 0.27s[0m
2023.09.28 10:04:19 INFO  compiling boids (1 scala source)[0m
2023.09.28 10:04:19 INFO  time: compiled boids in 45ms[0m
2023.09.28 10:04:37 INFO  compiling boids (1 scala source)[0m
2023.09.28 10:04:37 INFO  time: compiled boids in 44ms[0m
2023.09.28 10:04:40 INFO  compiling boids (1 scala source)[0m
2023.09.28 10:04:40 INFO  time: compiled boids in 0.27s[0m
2023.09.28 10:04:50 INFO  compiling boids (1 scala source)[0m
2023.09.28 10:04:50 INFO  time: compiled boids in 0.25s[0m
2023.09.28 10:04:54 INFO  compiling boids (1 scala source)[0m
2023.09.28 10:04:54 INFO  time: compiled boids in 0.26s[0m
2023.09.28 10:05:09 INFO  compiling boids (1 scala source)[0m
2023.09.28 10:05:09 INFO  time: compiled boids in 0.27s[0m
2023.09.28 10:05:11 INFO  compiling boids (1 scala source)[0m
2023.09.28 10:05:11 INFO  time: compiled boids in 0.27s[0m
2023.09.28 10:21:37 INFO  compiling boids (1 scala source)[0m
2023.09.28 10:21:37 INFO  time: compiled boids in 0.28s[0m
2023.09.28 10:21:37 INFO  compiling boids (1 scala source)[0m
2023.09.28 10:21:37 INFO  time: compiled boids in 0.28s[0m
2023.09.28 10:22:37 INFO  compiling boids (1 scala source)[0m
2023.09.28 10:22:37 INFO  time: compiled boids in 0.26s[0m
2023.09.28 10:24:03 INFO  compiling boids (1 scala source)[0m
2023.09.28 10:24:03 INFO  time: compiled boids in 0.24s[0m
2023.09.28 10:24:06 INFO  compiling boids (1 scala source)[0m
2023.09.28 10:24:06 INFO  time: compiled boids in 0.26s[0m
2023.09.28 10:24:15 INFO  compiling boids (1 scala source)[0m
2023.09.28 10:24:15 INFO  time: compiled boids in 71ms[0m
2023.09.28 10:24:58 INFO  compiling boids (1 scala source)[0m
2023.09.28 10:24:58 INFO  time: compiled boids in 0.25s[0m
2023.09.28 10:25:14 INFO  compiling boids (1 scala source)[0m
2023.09.28 10:25:14 INFO  time: compiled boids in 0.28s[0m
2023.09.28 10:26:55 INFO  compiling boids (1 scala source)[0m
2023.09.28 10:26:55 INFO  time: compiled boids in 68ms[0m
2023.09.28 10:28:36 INFO  compiling boids (1 scala source)[0m
2023.09.28 10:28:36 INFO  time: compiled boids in 45ms[0m
2023.09.28 10:28:47 INFO  compiling boids (1 scala source)[0m
2023.09.28 10:28:47 INFO  time: compiled boids in 40ms[0m
2023.09.28 10:28:57 INFO  compiling boids (1 scala source)[0m
2023.09.28 10:28:57 INFO  time: compiled boids in 0.26s[0m
2023.09.28 10:29:00 INFO  compiling boids (1 scala source)[0m
2023.09.28 10:29:00 INFO  time: compiled boids in 38ms[0m
2023.09.28 10:29:41 INFO  compiling boids (1 scala source)[0m
2023.09.28 10:29:41 INFO  time: compiled boids in 63ms[0m
sept. 28, 2023 10:30:33 AM org.eclipse.lsp4j.jsonrpc.RemoteEndpoint handleCancellation
AVERTISSEMENT: Unmatched cancel notification for request id 4110
2023.09.28 10:36:20 INFO  compiling boids (1 scala source)[0m
2023.09.28 10:36:20 INFO  time: compiled boids in 0.26s[0m
2023.09.28 10:36:32 INFO  compiling boids (1 scala source)[0m
2023.09.28 10:36:32 INFO  time: compiled boids in 0.27s[0m
2023.09.28 10:36:42 INFO  compiling boids (1 scala source)[0m
2023.09.28 10:36:42 INFO  time: compiled boids in 0.28s[0m
2023.09.28 10:36:51 INFO  compiling boids (1 scala source)[0m
2023.09.28 10:36:51 INFO  time: compiled boids in 66ms[0m
sept. 28, 2023 10:37:19 AM org.eclipse.lsp4j.jsonrpc.RemoteEndpoint handleCancellation
AVERTISSEMENT: Unmatched cancel notification for request id 4266
2023.09.28 10:37:35 INFO  compiling boids (1 scala source)[0m
2023.09.28 10:37:35 INFO  time: compiled boids in 0.36s[0m
2023.09.28 10:38:17 INFO  compiling boids (1 scala source)[0m
2023.09.28 10:38:17 INFO  time: compiled boids in 44ms[0m
2023.09.28 10:38:25 INFO  compiling boids (1 scala source)[0m
2023.09.28 10:38:25 INFO  time: compiled boids in 43ms[0m
2023.09.28 10:38:27 INFO  compiling boids (1 scala source)[0m
2023.09.28 10:38:27 INFO  time: compiled boids in 56ms[0m
2023.09.28 10:38:29 INFO  compiling boids (1 scala source)[0m
2023.09.28 10:38:29 INFO  time: compiled boids in 43ms[0m
2023.09.28 10:39:29 INFO  compiling boids (1 scala source)[0m
2023.09.28 10:39:29 INFO  time: compiled boids in 29ms[0m
2023.09.28 10:39:35 INFO  compiling boids (1 scala source)[0m
2023.09.28 10:39:35 INFO  time: compiled boids in 30ms[0m
2023.09.28 10:40:48 INFO  compiling boids (1 scala source)[0m
2023.09.28 10:40:48 INFO  time: compiled boids in 64ms[0m
2023.09.28 10:44:13 INFO  compiling boids (1 scala source)[0m
2023.09.28 10:44:13 INFO  time: compiled boids in 60ms[0m
2023.09.28 10:44:35 INFO  compiling boids (1 scala source)[0m
2023.09.28 10:44:35 INFO  time: compiled boids in 76ms[0m
2023.09.28 10:45:38 INFO  compiling boids (1 scala source)[0m
2023.09.28 10:45:38 INFO  time: compiled boids in 63ms[0m
2023.09.28 10:46:53 INFO  compiling boids (1 scala source)[0m
2023.09.28 10:46:53 INFO  time: compiled boids in 67ms[0m
2023.09.28 10:49:10 INFO  compiling boids (1 scala source)[0m
2023.09.28 10:49:10 INFO  time: compiled boids in 62ms[0m
2023.09.28 10:49:23 INFO  compiling boids (1 scala source)[0m
2023.09.28 10:49:23 INFO  time: compiled boids in 63ms[0m
sept. 28, 2023 11:07:24 AM org.eclipse.lsp4j.jsonrpc.services.GenericEndpoint notify
INFOS: Unsupported notification method: $/setTrace
sept. 28, 2023 11:18:17 AM org.eclipse.lsp4j.jsonrpc.services.GenericEndpoint notify
INFOS: Unsupported notification method: $/setTrace
2023.09.28 11:21:31 INFO  compiling boids (1 scala source)[0m
2023.09.28 11:21:31 INFO  time: compiled boids in 60ms[0m
2023.09.28 11:27:38 INFO  compiling boids (1 scala source)[0m
2023.09.28 11:27:38 INFO  time: compiled boids in 57ms[0m
2023.09.28 11:28:00 INFO  compiling boids (1 scala source)[0m
2023.09.28 11:28:00 INFO  time: compiled boids in 62ms[0m
sept. 28, 2023 11:28:25 AM org.eclipse.lsp4j.jsonrpc.RemoteEndpoint handleCancellation
AVERTISSEMENT: Unmatched cancel notification for request id 5304
2023.09.28 11:28:29 INFO  compiling boids (1 scala source)[0m
2023.09.28 11:28:29 INFO  time: compiled boids in 65ms[0m
2023.09.28 11:29:49 INFO  compiling boids (1 scala source)[0m
2023.09.28 11:29:49 INFO  time: compiled boids in 64ms[0m
sept. 28, 2023 11:30:18 AM org.eclipse.lsp4j.jsonrpc.services.GenericEndpoint notify
INFOS: Unsupported notification method: $/setTrace
sept. 28, 2023 11:30:22 AM org.eclipse.lsp4j.jsonrpc.RemoteEndpoint handleCancellation
AVERTISSEMENT: Unmatched cancel notification for request id 5426
2023.09.28 11:30:22 INFO  compiling boids (1 scala source)[0m
2023.09.28 11:30:22 INFO  time: compiled boids in 60ms[0m
sept. 28, 2023 11:30:24 AM org.eclipse.lsp4j.jsonrpc.services.GenericEndpoint notify
INFOS: Unsupported notification method: $/setTrace
2023.09.28 11:32:30 INFO  compiling boids (1 scala source)[0m
2023.09.28 11:32:30 INFO  time: compiled boids in 62ms[0m
2023.09.28 11:36:40 INFO  compiling boids (1 scala source)[0m
2023.09.28 11:36:40 INFO  time: compiled boids in 0.27s[0m
2023.09.28 11:37:48 INFO  compiling boids (1 scala source)[0m
2023.09.28 11:37:48 INFO  time: compiled boids in 0.25s[0m
2023.09.28 11:38:06 INFO  compiling boids (1 scala source)[0m
2023.09.28 11:38:06 INFO  time: compiled boids in 67ms[0m
2023.09.28 11:40:27 INFO  compiling boids (1 scala source)[0m
2023.09.28 11:40:27 INFO  time: compiled boids in 62ms[0m
2023.09.28 11:42:54 INFO  compiling boids (1 scala source)[0m
2023.09.28 11:42:54 INFO  time: compiled boids in 62ms[0m
sept. 28, 2023 3:20:16 PM org.eclipse.lsp4j.jsonrpc.services.GenericEndpoint notify
INFOS: Unsupported notification method: $/setTrace
2023.09.28 15:20:31 INFO  Shutting down server[0m
2023.09.28 15:20:31 INFO  shutting down Metals[0m
2023.09.28 15:20:31 INFO  Shut down connection with build server.[0m
2023.09.28 15:20:31 INFO  Shut down connection with build server.[0m
2023.09.28 15:20:31 INFO  Shut down connection with build server.[0m
2023.09.28 15:20:31 INFO  Exiting server[0m
2023.09.28 15:20:34 INFO  Started: Metals version 1.0.1 in folders '/Users/arthur/epfl/ba3/cs214/labs/boids' for client Visual Studio Code 1.82.2.[0m
sept. 28, 2023 3:20:34 PM org.flywaydb.core.internal.license.VersionPrinter printVersionOnly
INFOS: Flyway Community Edition 9.21.2 by Redgate
sept. 28, 2023 3:20:34 PM org.flywaydb.core.internal.license.VersionPrinter printVersion
INFOS: See release notes here: https://rd.gt/416ObMi
sept. 28, 2023 3:20:34 PM org.flywaydb.core.internal.license.VersionPrinter printVersion
INFOS: 
sept. 28, 2023 3:20:35 PM org.flywaydb.core.FlywayExecutor execute
INFOS: Database: jdbc:h2:file:/Users/arthur/epfl/ba3/cs214/labs/boids/.metals/metals (H2 2.1)
sept. 28, 2023 3:20:35 PM org.flywaydb.core.internal.command.DbValidate validate
INFOS: Successfully validated 4 migrations (execution time 00:00.012s)
sept. 28, 2023 3:20:35 PM org.flywaydb.core.internal.command.DbMigrate migrateGroup
INFOS: Current version of schema "PUBLIC": 4
sept. 28, 2023 3:20:35 PM org.flywaydb.core.internal.command.DbMigrate logSummary
INFOS: Schema "PUBLIC" is up to date. No migration necessary.
2023.09.28 15:20:35 INFO  time: initialize in 0.3s[0m
2023.09.28 15:20:36 INFO  Attempting to connect to the build server...[0m
2023.09.28 15:20:36 INFO  Bloop uses /Library/Java/JavaVirtualMachines/temurin-17.jdk/Contents/Home defined at /Users/arthur/.bloop/bloop.json[0m
2023.09.28 15:20:36 INFO  skipping build import with status 'Installed'[0m
2023.09.28 15:20:36 INFO  tracing is disabled for protocol BSP, to enable tracing of incoming and outgoing JSON messages create an empty file at /Users/arthur/epfl/ba3/cs214/labs/boids/.metals/bsp.trace.json or /Users/arthur/Library/Caches/org.scalameta.metals/bsp.trace.json[0m
2023.09.28 15:20:36 INFO  Attempting to connect to the build server...[0m
2023.09.28 15:20:36 INFO  Bloop uses /Library/Java/JavaVirtualMachines/temurin-17.jdk/Contents/Home defined at /Users/arthur/.bloop/bloop.json[0m
2023.09.28 15:20:36 INFO  Attempting to connect to the build server...[0m
2023.09.28 15:20:36 INFO  Bloop uses /Library/Java/JavaVirtualMachines/temurin-17.jdk/Contents/Home defined at /Users/arthur/.bloop/bloop.json[0m
2023.09.28 15:20:36 INFO  tracing is disabled for protocol BSP, to enable tracing of incoming and outgoing JSON messages create an empty file at /Users/arthur/epfl/ba3/cs214/labs/boids/project/project/.metals/bsp.trace.json or /Users/arthur/Library/Caches/org.scalameta.metals/bsp.trace.json[0m
2023.09.28 15:20:36 INFO  tracing is disabled for protocol BSP, to enable tracing of incoming and outgoing JSON messages create an empty file at /Users/arthur/epfl/ba3/cs214/labs/boids/project/.metals/bsp.trace.json or /Users/arthur/Library/Caches/org.scalameta.metals/bsp.trace.json[0m
2023.09.28 15:20:36 INFO  time: Connected to build server in 0.74s[0m
2023.09.28 15:20:36 INFO  Connected to Build server: Bloop v1.5.8[0m
2023.09.28 15:20:37 INFO  no build target found for /Users/arthur/epfl/ba3/cs214/labs/boids/src/main/scala/boids/BoidLogic.scala. Using presentation compiler with project's scala-library version: 3.3.0[0m
sept. 28, 2023 3:20:37 PM org.eclipse.lsp4j.jsonrpc.RemoteEndpoint handleCancellation
AVERTISSEMENT: Unmatched cancel notification for request id 3
sept. 28, 2023 3:20:37 PM org.eclipse.lsp4j.jsonrpc.services.GenericEndpoint notify
INFOS: Unsupported notification method: $/setTrace
sept. 28, 2023 3:20:37 PM org.eclipse.lsp4j.jsonrpc.RemoteEndpoint handleCancellation
AVERTISSEMENT: Unmatched cancel notification for request id 7
2023.09.28 15:20:38 INFO  no build target found for /Users/arthur/epfl/ba3/cs214/labs/boids/src/main/scala/boids/BoidLogic.scala. Using presentation compiler with project's scala-library version: 3.3.0[0m
2023.09.28 15:20:38 INFO  time: code lens generation in 1.39s[0m
2023.09.28 15:20:38 INFO  time: code lens generation in 1.3s[0m
2023.09.28 15:20:40 INFO  time: indexed workspace in 2.82s[0m
sept. 28, 2023 3:25:05 PM org.eclipse.lsp4j.jsonrpc.services.GenericEndpoint notify
INFOS: Unsupported notification method: $/setTrace
2023.09.28 15:27:05 INFO  compiling boids (1 scala source)[0m
2023.09.28 15:27:05 INFO  time: compiled boids in 45ms[0m
2023.09.28 15:27:18 INFO  compiling boids (1 scala source)[0m
2023.09.28 15:27:18 INFO  time: compiled boids in 48ms[0m
2023.09.28 15:27:36 INFO  compiling boids (1 scala source)[0m
2023.09.28 15:27:36 INFO  time: compiled boids in 38ms[0m
2023.09.28 15:27:45 INFO  compiling boids (1 scala source)[0m
2023.09.28 15:27:45 INFO  time: compiled boids in 40ms[0m
2023.09.28 15:27:48 INFO  compiling boids (1 scala source)[0m
2023.09.28 15:27:48 INFO  time: compiled boids in 38ms[0m
2023.09.28 15:27:48 INFO  compiling boids (1 scala source)[0m
2023.09.28 15:27:48 INFO  time: compiled boids in 43ms[0m
2023.09.28 15:28:02 INFO  compiling boids (1 scala source)[0m
2023.09.28 15:28:02 INFO  time: compiled boids in 35ms[0m
2023.09.28 15:28:02 INFO  compiling boids (1 scala source)[0m
2023.09.28 15:28:02 INFO  Deduplicating compilation of boids from bsp client 'Metals 1.0.1' (since 7m 25.436s)[0m
2023.09.28 15:28:02 INFO  compiling boids (1 scala source)[0m
2023.09.28 15:28:02 INFO  time: compiled boids in 29ms[0m
2023.09.28 15:28:02 INFO  compiling boids (1 scala source)[0m
2023.09.28 15:28:02 INFO  time: compiled boids in 30ms[0m
2023.09.28 15:28:02 INFO  compiling boids (1 scala source)[0m
2023.09.28 15:28:02 INFO  time: compiled boids in 34ms[0m
2023.09.28 15:28:03 INFO  compiling boids (1 scala source)[0m
2023.09.28 15:28:03 INFO  time: compiled boids in 40ms[0m
2023.09.28 15:28:22 INFO  compiling boids (1 scala source)[0m
2023.09.28 15:28:22 INFO  time: compiled boids in 92ms[0m
2023.09.28 15:30:07 INFO  compiling boids (1 scala source)[0m
2023.09.28 15:30:07 INFO  time: compiled boids in 59ms[0m
2023.09.28 15:38:30 INFO  compiling boids (1 scala source)[0m
2023.09.28 15:38:30 INFO  time: compiled boids in 0.15s[0m
2023.09.28 15:38:31 WARN  Could not load snapshot text for /Users/arthur/epfl/ba3/cs214/labs/boids/src/main/scala/boids/BoidLogic.scala[0m
2023.09.28 15:38:36 WARN  Could not load snapshot text for /Users/arthur/epfl/ba3/cs214/labs/boids/src/main/scala/boids/BoidLogic.scala[0m
2023.09.28 15:38:37 WARN  Could not load snapshot text for /Users/arthur/epfl/ba3/cs214/labs/boids/src/main/scala/boids/BoidLogic.scala[0m
2023.09.28 15:38:46 WARN  Could not load snapshot text for /Users/arthur/epfl/ba3/cs214/labs/boids/src/main/scala/boids/BoidLogic.scala[0m
2023.09.28 15:38:47 WARN  Could not load snapshot text for /Users/arthur/epfl/ba3/cs214/labs/boids/src/main/scala/boids/BoidLogic.scala[0m
2023.09.28 15:38:47 WARN  Could not load snapshot text for /Users/arthur/epfl/ba3/cs214/labs/boids/src/main/scala/boids/BoidLogic.scala[0m
2023.09.28 15:39:09 WARN  Could not load snapshot text for /Users/arthur/epfl/ba3/cs214/labs/boids/src/main/scala/boids/BoidLogic.scala[0m
2023.09.28 15:39:10 INFO  compiling boids (1 scala source)[0m
2023.09.28 15:39:10 INFO  time: compiled boids in 0.13s[0m
2023.09.28 15:39:10 WARN  Could not load snapshot text for /Users/arthur/epfl/ba3/cs214/labs/boids/src/main/scala/boids/BoidLogic.scala[0m
2023.09.28 15:39:11 WARN  Could not load snapshot text for /Users/arthur/epfl/ba3/cs214/labs/boids/src/main/scala/boids/BoidLogic.scala[0m
2023.09.28 15:39:11 WARN  Could not load snapshot text for /Users/arthur/epfl/ba3/cs214/labs/boids/src/main/scala/boids/BoidLogic.scala[0m
2023.09.28 15:39:12 WARN  Could not load snapshot text for /Users/arthur/epfl/ba3/cs214/labs/boids/src/main/scala/boids/BoidLogic.scala[0m
2023.09.28 15:39:12 WARN  Could not load snapshot text for /Users/arthur/epfl/ba3/cs214/labs/boids/src/main/scala/boids/BoidLogic.scala[0m
2023.09.28 15:39:12 WARN  Could not load snapshot text for /Users/arthur/epfl/ba3/cs214/labs/boids/src/main/scala/boids/BoidLogic.scala[0m
2023.09.28 15:39:12 WARN  Could not load snapshot text for /Users/arthur/epfl/ba3/cs214/labs/boids/src/main/scala/boids/BoidLogic.scala[0m
2023.09.28 15:39:19 WARN  Could not load snapshot text for /Users/arthur/epfl/ba3/cs214/labs/boids/src/main/scala/boids/BoidLogic.scala[0m
2023.09.28 15:39:43 WARN  Could not load snapshot text for /Users/arthur/epfl/ba3/cs214/labs/boids/src/main/scala/boids/BoidLogic.scala[0m
2023.09.28 15:39:45 WARN  Could not load snapshot text for /Users/arthur/epfl/ba3/cs214/labs/boids/src/main/scala/boids/BoidLogic.scala[0m
2023.09.28 15:39:47 WARN  Could not load snapshot text for /Users/arthur/epfl/ba3/cs214/labs/boids/src/main/scala/boids/BoidLogic.scala[0m
2023.09.28 15:39:49 WARN  Could not load snapshot text for /Users/arthur/epfl/ba3/cs214/labs/boids/src/main/scala/boids/BoidLogic.scala[0m
2023.09.28 15:39:49 WARN  Could not load snapshot text for /Users/arthur/epfl/ba3/cs214/labs/boids/src/main/scala/boids/BoidLogic.scala[0m
2023.09.28 15:39:51 WARN  Could not load snapshot text for /Users/arthur/epfl/ba3/cs214/labs/boids/src/main/scala/boids/BoidLogic.scala[0m
2023.09.28 15:39:53 WARN  Could not load snapshot text for /Users/arthur/epfl/ba3/cs214/labs/boids/src/main/scala/boids/BoidLogic.scala[0m
2023.09.28 15:39:54 WARN  Could not load snapshot text for /Users/arthur/epfl/ba3/cs214/labs/boids/src/main/scala/boids/BoidLogic.scala[0m
2023.09.28 15:39:55 WARN  Could not load snapshot text for /Users/arthur/epfl/ba3/cs214/labs/boids/src/main/scala/boids/BoidLogic.scala[0m
2023.09.28 15:39:58 WARN  Could not load snapshot text for /Users/arthur/epfl/ba3/cs214/labs/boids/src/main/scala/boids/BoidLogic.scala[0m
2023.09.28 15:39:59 WARN  Could not load snapshot text for /Users/arthur/epfl/ba3/cs214/labs/boids/src/main/scala/boids/BoidLogic.scala[0m
2023.09.28 15:40:01 WARN  Could not load snapshot text for /Users/arthur/epfl/ba3/cs214/labs/boids/src/main/scala/boids/BoidLogic.scala[0m
2023.09.28 15:40:02 WARN  Could not load snapshot text for /Users/arthur/epfl/ba3/cs214/labs/boids/src/main/scala/boids/BoidLogic.scala[0m
2023.09.28 15:40:07 WARN  Could not load snapshot text for /Users/arthur/epfl/ba3/cs214/labs/boids/src/main/scala/boids/BoidLogic.scala[0m
2023.09.28 15:40:11 WARN  Could not load snapshot text for /Users/arthur/epfl/ba3/cs214/labs/boids/src/main/scala/boids/BoidLogic.scala[0m
2023.09.28 15:40:17 WARN  Could not load snapshot text for /Users/arthur/epfl/ba3/cs214/labs/boids/src/main/scala/boids/BoidLogic.scala[0m
2023.09.28 15:40:18 INFO  compiling boids (1 scala source)[0m
2023.09.28 15:40:18 INFO  time: compiled boids in 0.1s[0m
2023.09.28 15:40:18 WARN  Could not load snapshot text for /Users/arthur/epfl/ba3/cs214/labs/boids/src/main/scala/boids/BoidLogic.scala[0m
2023.09.28 15:40:24 WARN  Could not load snapshot text for /Users/arthur/epfl/ba3/cs214/labs/boids/src/main/scala/boids/BoidLogic.scala[0m
2023.09.28 15:40:31 WARN  Could not load snapshot text for /Users/arthur/epfl/ba3/cs214/labs/boids/src/main/scala/boids/BoidLogic.scala[0m
2023.09.28 15:40:36 WARN  Could not load snapshot text for /Users/arthur/epfl/ba3/cs214/labs/boids/src/main/scala/boids/BoidLogic.scala[0m
2023.09.28 15:40:38 WARN  Could not load snapshot text for /Users/arthur/epfl/ba3/cs214/labs/boids/src/main/scala/boids/BoidLogic.scala[0m
2023.09.28 15:40:56 WARN  Could not load snapshot text for /Users/arthur/epfl/ba3/cs214/labs/boids/src/main/scala/boids/BoidLogic.scala[0m
2023.09.28 15:40:57 WARN  Could not load snapshot text for /Users/arthur/epfl/ba3/cs214/labs/boids/src/main/scala/boids/BoidLogic.scala[0m
2023.09.28 15:40:57 WARN  Could not load snapshot text for /Users/arthur/epfl/ba3/cs214/labs/boids/src/main/scala/boids/BoidLogic.scala[0m
2023.09.28 15:40:58 WARN  Could not load snapshot text for /Users/arthur/epfl/ba3/cs214/labs/boids/src/main/scala/boids/BoidLogic.scala[0m
2023.09.28 15:41:04 WARN  Could not load snapshot text for /Users/arthur/epfl/ba3/cs214/labs/boids/src/main/scala/boids/BoidLogic.scala[0m
2023.09.28 15:41:05 WARN  Could not load snapshot text for /Users/arthur/epfl/ba3/cs214/labs/boids/src/main/scala/boids/BoidLogic.scala[0m
2023.09.28 15:41:09 WARN  Could not load snapshot text for /Users/arthur/epfl/ba3/cs214/labs/boids/src/main/scala/boids/BoidLogic.scala[0m
2023.09.28 15:41:09 WARN  Could not load snapshot text for /Users/arthur/epfl/ba3/cs214/labs/boids/src/main/scala/boids/BoidLogic.scala[0m
2023.09.28 15:41:11 WARN  Could not load snapshot text for /Users/arthur/epfl/ba3/cs214/labs/boids/src/main/scala/boids/BoidLogic.scala[0m
2023.09.28 15:41:11 INFO  compiling boids (1 scala source)[0m
2023.09.28 15:41:11 INFO  time: compiled boids in 92ms[0m
2023.09.28 15:41:12 WARN  Could not load snapshot text for /Users/arthur/epfl/ba3/cs214/labs/boids/src/main/scala/boids/BoidLogic.scala[0m
2023.09.28 15:41:19 WARN  Could not load snapshot text for /Users/arthur/epfl/ba3/cs214/labs/boids/src/main/scala/boids/BoidLogic.scala[0m
2023.09.28 15:41:21 WARN  Could not load snapshot text for /Users/arthur/epfl/ba3/cs214/labs/boids/src/main/scala/boids/BoidLogic.scala[0m
2023.09.28 15:41:22 WARN  Could not load snapshot text for /Users/arthur/epfl/ba3/cs214/labs/boids/src/main/scala/boids/BoidLogic.scala[0m
2023.09.28 15:41:22 WARN  Could not load snapshot text for /Users/arthur/epfl/ba3/cs214/labs/boids/src/main/scala/boids/BoidLogic.scala[0m
2023.09.28 15:41:22 INFO  compiling boids (1 scala source)[0m
2023.09.28 15:41:22 INFO  time: compiled boids in 62ms[0m
2023.09.28 15:41:39 INFO  compiling boids (1 scala source)[0m
2023.09.28 15:41:39 INFO  time: compiled boids in 59ms[0m
2023.09.28 15:44:43 INFO  compiling boids (1 scala source)[0m
2023.09.28 15:44:43 INFO  time: compiled boids in 36ms[0m
sept. 28, 2023 3:45:10 PM org.eclipse.lsp4j.jsonrpc.RemoteEndpoint handleCancellation
AVERTISSEMENT: Unmatched cancel notification for request id 1513
2023.09.28 15:45:28 INFO  compiling boids (1 scala source)[0m
2023.09.28 15:45:28 INFO  time: compiled boids in 28ms[0m
sept. 28, 2023 3:45:30 PM org.eclipse.lsp4j.jsonrpc.RemoteEndpoint handleCancellation
AVERTISSEMENT: Unmatched cancel notification for request id 1530
2023.09.28 15:45:33 INFO  compiling boids (1 scala source)[0m
2023.09.28 15:45:33 INFO  time: compiled boids in 28ms[0m
2023.09.28 15:45:38 INFO  compiling boids (1 scala source)[0m
2023.09.28 15:45:38 INFO  time: compiled boids in 23ms[0m
2023.09.28 15:45:40 INFO  compiling boids (1 scala source)[0m
2023.09.28 15:45:40 INFO  time: compiled boids in 60ms[0m
2023.09.28 15:49:51 INFO  compiling boids (1 scala source)[0m
2023.09.28 15:49:51 INFO  time: compiled boids in 64ms[0m
2023.09.28 15:49:56 INFO  compiling boids (1 scala source)[0m
2023.09.28 15:49:56 INFO  time: compiled boids in 56ms[0m
2023.09.28 15:50:00 INFO  compiling boids (1 scala source)[0m
2023.09.28 15:50:00 INFO  time: compiled boids in 63ms[0m
2023.09.28 15:50:18 INFO  compiling boids (1 scala source)[0m
2023.09.28 15:50:18 INFO  time: compiled boids in 59ms[0m
2023.09.28 15:50:35 INFO  compiling boids (1 scala source)[0m
2023.09.28 15:50:35 INFO  time: compiled boids in 24ms[0m
2023.09.28 15:50:41 INFO  compiling boids (1 scala source)[0m
2023.09.28 15:50:41 INFO  time: compiled boids in 37ms[0m
sept. 28, 2023 3:50:44 PM org.eclipse.lsp4j.jsonrpc.RemoteEndpoint handleCancellation
AVERTISSEMENT: Unmatched cancel notification for request id 1726
2023.09.28 15:50:45 INFO  compiling boids (1 scala source)[0m
2023.09.28 15:50:45 INFO  time: compiled boids in 67ms[0m
2023.09.28 15:50:50 INFO  compiling boids (1 scala source)[0m
2023.09.28 15:50:50 INFO  time: compiled boids in 52ms[0m
2023.09.28 15:51:24 INFO  compiling boids (1 scala source)[0m
2023.09.28 15:51:24 INFO  time: compiled boids in 54ms[0m
2023.09.28 15:56:00 INFO  compiling boids (1 scala source)[0m
2023.09.28 15:56:00 INFO  time: compiled boids in 0.11s[0m
2023.09.28 15:56:10 INFO  compiling boids (1 scala source)[0m
2023.09.28 15:56:10 INFO  time: compiled boids in 59ms[0m
2023.09.28 15:56:56 INFO  compiling boids (1 scala source)[0m
2023.09.28 15:56:56 INFO  time: compiled boids in 60ms[0m
2023.09.28 15:57:07 INFO  compiling boids (1 scala source)[0m
2023.09.28 15:57:07 INFO  time: compiled boids in 25ms[0m
2023.09.28 15:57:10 INFO  compiling boids (1 scala source)[0m
2023.09.28 15:57:10 INFO  time: compiled boids in 57ms[0m
2023.09.28 15:57:18 INFO  compiling boids (1 scala source)[0m
2023.09.28 15:57:18 INFO  time: compiled boids in 58ms[0m
2023.09.28 15:58:28 INFO  compiling boids (1 scala source)[0m
2023.09.28 15:58:28 INFO  time: compiled boids in 58ms[0m
sept. 28, 2023 3:58:55 PM org.eclipse.lsp4j.jsonrpc.RemoteEndpoint handleCancellation
AVERTISSEMENT: Unmatched cancel notification for request id 1954
sept. 28, 2023 3:59:12 PM org.eclipse.lsp4j.jsonrpc.RemoteEndpoint handleCancellation
AVERTISSEMENT: Unmatched cancel notification for request id 2002
2023.09.28 15:59:53 INFO  compiling boids (1 scala source)[0m
2023.09.28 15:59:53 INFO  time: compiled boids in 90ms[0m
2023.09.28 16:01:09 INFO  compiling boids (1 scala source)[0m
2023.09.28 16:01:09 INFO  time: compiled boids in 0.11s[0m
2023.09.28 16:01:23 INFO  compiling boids (1 scala source)[0m
2023.09.28 16:01:23 INFO  time: compiled boids in 93ms[0m
2023.09.28 16:01:26 INFO  compiling boids (1 scala source)[0m
2023.09.28 16:01:26 INFO  time: compiled boids in 86ms[0m
2023.09.28 16:02:51 INFO  compiling boids (1 scala source)[0m
2023.09.28 16:02:51 INFO  time: compiled boids in 94ms[0m
2023.09.28 16:02:56 INFO  compiling boids (1 scala source)[0m
2023.09.28 16:02:56 INFO  time: compiled boids in 93ms[0m
2023.09.28 16:03:02 INFO  compiling boids (1 scala source)[0m
2023.09.28 16:03:02 INFO  time: compiled boids in 79ms[0m
2023.09.28 16:03:02 INFO  compiling boids (1 scala source)[0m
2023.09.28 16:03:02 INFO  time: compiled boids in 96ms[0m
2023.09.28 16:04:11 INFO  compiling boids (1 scala source)[0m
2023.09.28 16:04:11 INFO  time: compiled boids in 42ms[0m
2023.09.28 16:04:15 INFO  compiling boids (1 scala source)[0m
2023.09.28 16:04:15 INFO  time: compiled boids in 38ms[0m
2023.09.28 16:05:08 INFO  compiling boids (1 scala source)[0m
2023.09.28 16:05:08 INFO  time: compiled boids in 93ms[0m
2023.09.28 16:09:21 INFO  compiling boids (1 scala source)[0m
2023.09.28 16:09:21 INFO  Deduplicating compilation of boids from bsp client 'Metals 1.0.1' (since 48m 44.89s)[0m
2023.09.28 16:09:21 INFO  compiling boids (1 scala source)[0m
2023.09.28 16:09:21 INFO  time: compiled boids in 54ms[0m
2023.09.28 16:09:21 INFO  compiling boids (1 scala source)[0m
2023.09.28 16:09:21 INFO  time: compiled boids in 0.1s[0m
2023.09.28 16:09:21 INFO  compiling boids (1 scala source)[0m
2023.09.28 16:09:21 INFO  time: compiled boids in 90ms[0m
2023.09.28 16:09:34 INFO  compiling boids (1 scala source)[0m
2023.09.28 16:09:34 INFO  time: compiled boids in 0.1s[0m
2023.09.28 16:12:57 INFO  compiling boids (1 scala source)[0m
2023.09.28 16:12:57 INFO  time: compiled boids in 90ms[0m
2023.09.28 16:14:41 INFO  compiling boids (1 scala source)[0m
2023.09.28 16:14:41 INFO  time: compiled boids in 40ms[0m
2023.09.28 16:14:44 INFO  compiling boids (1 scala source)[0m
2023.09.28 16:14:44 INFO  time: compiled boids in 90ms[0m
2023.09.28 16:14:44 INFO  compiling boids (1 scala source)[0m
2023.09.28 16:14:44 INFO  time: compiled boids in 92ms[0m
2023.09.28 16:14:44 INFO  compiling boids (1 scala source)[0m
2023.09.28 16:14:44 INFO  time: compiled boids in 82ms[0m
sept. 28, 2023 4:15:10 PM org.eclipse.lsp4j.jsonrpc.services.GenericEndpoint notify
INFOS: Unsupported notification method: $/setTrace
2023.09.28 16:15:26 INFO  compiling boids (1 scala source)[0m
2023.09.28 16:15:26 INFO  time: compiled boids in 93ms[0m
2023.09.28 16:16:31 INFO  compiling boids (1 scala source)[0m
2023.09.28 16:16:31 INFO  time: compiled boids in 90ms[0m
2023.09.28 16:17:33 INFO  compiling boids (1 scala source)[0m
2023.09.28 16:17:33 INFO  time: compiled boids in 91ms[0m
sept. 28, 2023 5:18:29 PM org.eclipse.lsp4j.jsonrpc.services.GenericEndpoint notify
INFOS: Unsupported notification method: $/setTrace
2023.09.28 17:18:55 INFO  compiling boids (1 scala source)[0m
2023.09.28 17:18:55 INFO  time: compiled boids in 0.12s[0m
2023.09.28 17:19:31 INFO  compiling boids (1 scala source)[0m
2023.09.28 17:19:31 INFO  time: compiled boids in 41ms[0m
2023.09.28 17:19:34 INFO  compiling boids (1 scala source)[0m
2023.09.28 17:19:34 INFO  time: compiled boids in 38ms[0m
2023.09.28 17:19:35 INFO  compiling boids (1 scala source)[0m
2023.09.28 17:19:35 INFO  time: compiled boids in 36ms[0m
2023.09.28 17:19:35 INFO  compiling boids (1 scala source)[0m
2023.09.28 17:19:35 INFO  time: compiled boids in 42ms[0m
2023.09.28 17:19:40 INFO  compiling boids (1 scala source)[0m
2023.09.28 17:19:40 INFO  time: compiled boids in 34ms[0m
2023.09.28 17:19:57 INFO  compiling boids (1 scala source)[0m
2023.09.28 17:19:57 INFO  time: compiled boids in 53ms[0m
2023.09.28 17:20:04 INFO  compiling boids (1 scala source)[0m
2023.09.28 17:20:04 INFO  time: compiled boids in 35ms[0m
2023.09.28 17:20:11 INFO  compiling boids (1 scala source)[0m
2023.09.28 17:20:11 INFO  time: compiled boids in 34ms[0m
2023.09.28 17:20:35 INFO  compiling boids (1 scala source)[0m
2023.09.28 17:20:35 INFO  time: compiled boids in 31ms[0m
2023.09.28 17:21:17 INFO  compiling boids (1 scala source)[0m
2023.09.28 17:21:17 INFO  time: compiled boids in 93ms[0m
2023.09.28 17:21:21 INFO  compiling boids (1 scala source)[0m
2023.09.28 17:21:21 INFO  time: compiled boids in 90ms[0m
2023.09.28 17:21:23 INFO  compiling boids (1 scala source)[0m
2023.09.28 17:21:23 INFO  time: compiled boids in 79ms[0m
2023.09.28 17:21:34 INFO  compiling boids (1 scala source)[0m
2023.09.28 17:21:34 INFO  time: compiled boids in 64ms[0m
sept. 28, 2023 5:25:28 PM org.eclipse.lsp4j.jsonrpc.RemoteEndpoint handleCancellation
AVERTISSEMENT: Unmatched cancel notification for request id 3683
2023.09.28 17:36:52 INFO  compiling boids (1 scala source)[0m
2023.09.28 17:36:52 INFO  time: compiled boids in 67ms[0m
2023.09.28 17:38:17 INFO  Shutting down server[0m
2023.09.28 17:38:17 INFO  shutting down Metals[0m
2023.09.28 17:38:17 INFO  Shut down connection with build server.[0m
2023.09.28 17:38:17 INFO  Shut down connection with build server.[0m
2023.09.28 17:38:17 INFO  Shut down connection with build server.[0m
2023.09.28 17:38:17 INFO  Exiting server[0m
2023.09.29 10:41:07 INFO  Started: Metals version 1.0.1 in folders '/Users/arthur/epfl/ba3/cs214/labs/boids' for client Visual Studio Code 1.82.2.[0m
sept. 29, 2023 10:41:07 AM org.flywaydb.core.internal.license.VersionPrinter printVersionOnly
INFOS: Flyway Community Edition 9.21.2 by Redgate
sept. 29, 2023 10:41:07 AM org.flywaydb.core.internal.license.VersionPrinter printVersion
INFOS: See release notes here: https://rd.gt/416ObMi
sept. 29, 2023 10:41:07 AM org.flywaydb.core.internal.license.VersionPrinter printVersion
INFOS: 
sept. 29, 2023 10:41:07 AM org.flywaydb.core.FlywayExecutor execute
INFOS: Database: jdbc:h2:file:/Users/arthur/epfl/ba3/cs214/labs/boids/.metals/metals (H2 2.1)
sept. 29, 2023 10:41:07 AM org.flywaydb.core.internal.command.DbValidate validate
INFOS: Successfully validated 4 migrations (execution time 00:00.009s)
sept. 29, 2023 10:41:07 AM org.flywaydb.core.internal.command.DbMigrate migrateGroup
INFOS: Current version of schema "PUBLIC": 4
sept. 29, 2023 10:41:07 AM org.flywaydb.core.internal.command.DbMigrate logSummary
INFOS: Schema "PUBLIC" is up to date. No migration necessary.
2023.09.29 10:41:07 INFO  time: initialize in 0.35s[0m
2023.09.29 10:41:08 INFO  Attempting to connect to the build server...[0m
2023.09.29 10:41:08 INFO  Bloop uses /Library/Java/JavaVirtualMachines/temurin-17.jdk/Contents/Home defined at /Users/arthur/.bloop/bloop.json[0m
2023.09.29 10:41:08 INFO  skipping build import with status 'Installed'[0m
sept. 29, 2023 10:41:08 AM org.eclipse.lsp4j.jsonrpc.RemoteEndpoint handleCancellation
AVERTISSEMENT: Unmatched cancel notification for request id 5
2023.09.29 10:41:10 INFO  no build target found for /Users/arthur/epfl/ba3/cs214/labs/boids/src/main/scala/boids/BoidLogic.scala. Using presentation compiler with project's scala-library version: 3.3.0[0m
2023.09.29 10:41:11 INFO  tracing is disabled for protocol BSP, to enable tracing of incoming and outgoing JSON messages create an empty file at /Users/arthur/epfl/ba3/cs214/labs/boids/.metals/bsp.trace.json or /Users/arthur/Library/Caches/org.scalameta.metals/bsp.trace.json[0m
2023.09.29 10:41:11 INFO  Attempting to connect to the build server...[0m
2023.09.29 10:41:11 INFO  Bloop uses /Library/Java/JavaVirtualMachines/temurin-17.jdk/Contents/Home defined at /Users/arthur/.bloop/bloop.json[0m
2023.09.29 10:41:11 INFO  Attempting to connect to the build server...[0m
2023.09.29 10:41:11 INFO  Bloop uses /Library/Java/JavaVirtualMachines/temurin-17.jdk/Contents/Home defined at /Users/arthur/.bloop/bloop.json[0m
2023.09.29 10:41:11 INFO  tracing is disabled for protocol BSP, to enable tracing of incoming and outgoing JSON messages create an empty file at /Users/arthur/epfl/ba3/cs214/labs/boids/project/project/.metals/bsp.trace.json or /Users/arthur/Library/Caches/org.scalameta.metals/bsp.trace.json[0m
2023.09.29 10:41:11 INFO  tracing is disabled for protocol BSP, to enable tracing of incoming and outgoing JSON messages create an empty file at /Users/arthur/epfl/ba3/cs214/labs/boids/project/.metals/bsp.trace.json or /Users/arthur/Library/Caches/org.scalameta.metals/bsp.trace.json[0m
2023.09.29 10:41:11 INFO  time: Connected to build server in 2.6s[0m
2023.09.29 10:41:11 INFO  Connected to Build server: Bloop v1.5.8[0m
2023.09.29 10:41:11 INFO  time: Imported build in 0.13s[0m
2023.09.29 10:41:11 INFO  time: code lens generation in 3.11s[0m
2023.09.29 10:41:12 INFO  no build target found for /Users/arthur/epfl/ba3/cs214/labs/boids/src/main/scala/boids/BoidLogic.scala. Using presentation compiler with project's scala-library version: 3.3.0[0m
2023.09.29 10:41:12 INFO  time: code lens generation in 3.94s[0m
2023.09.29 10:41:13 INFO  time: indexed workspace in 2.18s[0m
2023.09.29 10:44:35 INFO  compiling boids (1 scala source)[0m
2023.09.29 10:44:37 INFO  time: compiled boids in 1.36s[0m
2023.09.29 10:47:20 INFO  compiling boids (1 scala source)[0m
2023.09.29 10:47:20 INFO  time: compiled boids in 0.28s[0m
2023.09.29 10:49:09 INFO  compiling boids (1 scala source)[0m
2023.09.29 10:49:09 INFO  time: compiled boids in 0.26s[0m
2023.09.29 10:49:27 INFO  compiling boids (1 scala source)[0m
2023.09.29 10:49:27 INFO  time: compiled boids in 0.19s[0m
2023.09.29 10:55:53 INFO  compiling boids (1 scala source)[0m
2023.09.29 10:55:53 INFO  time: compiled boids in 0.13s[0m
sept. 29, 2023 10:56:27 AM org.eclipse.lsp4j.jsonrpc.services.GenericEndpoint notify
INFOS: Unsupported notification method: $/setTrace
sept. 29, 2023 10:59:30 AM org.eclipse.lsp4j.jsonrpc.RemoteEndpoint handleCancellation
AVERTISSEMENT: Unmatched cancel notification for request id 207
2023.09.29 11:16:59 INFO  compiling boids (1 scala source)[0m
2023.09.29 11:16:59 INFO  time: compiled boids in 0.16s[0m
2023.09.29 11:17:25 INFO  compiling boids (1 scala source)[0m
2023.09.29 11:17:25 INFO  time: compiled boids in 0.36s[0m
2023.09.29 11:17:33 INFO  compiling boids (1 scala source)[0m
2023.09.29 11:17:33 INFO  time: compiled boids in 0.32s[0m
2023.09.29 11:18:04 INFO  compiling boids (1 scala source)[0m
2023.09.29 11:18:04 INFO  time: compiled boids in 50ms[0m
sept. 29, 2023 11:18:15 AM org.eclipse.lsp4j.jsonrpc.services.GenericEndpoint notify
INFOS: Unsupported notification method: $/setTrace
2023.09.29 11:18:46 INFO  compiling boids (1 scala source)[0m
2023.09.29 11:18:46 INFO  time: compiled boids in 0.14s[0m
2023.09.29 11:19:41 INFO  compiling boids (1 scala source)[0m
2023.09.29 11:19:41 INFO  time: compiled boids in 0.11s[0m
2023.09.29 11:20:03 INFO  compiling boids (1 scala source)[0m
2023.09.29 11:20:03 INFO  time: compiled boids in 95ms[0m
2023.09.29 11:20:05 INFO  compiling boids (1 scala source)[0m
2023.09.29 11:20:05 INFO  time: compiled boids in 95ms[0m
2023.09.29 11:22:32 INFO  compiling boids (1 scala source)[0m
2023.09.29 11:22:32 INFO  time: compiled boids in 62ms[0m
sept. 29, 2023 11:22:53 AM org.eclipse.lsp4j.jsonrpc.services.GenericEndpoint notify
INFOS: Unsupported notification method: $/setTrace
2023.09.29 11:22:53 INFO  compiling boids (1 scala source)[0m
2023.09.29 11:22:53 INFO  time: compiled boids in 57ms[0m
2023.09.29 11:23:02 INFO  compiling boids (1 scala source)[0m
2023.09.29 11:23:02 INFO  time: compiled boids in 58ms[0m
2023.09.29 11:23:17 INFO  compiling boids (1 scala source)[0m
2023.09.29 11:23:17 INFO  time: compiled boids in 53ms[0m
2023.09.29 11:24:22 INFO  compiling boids (1 scala source)[0m
2023.09.29 11:24:22 INFO  time: compiled boids in 0.14s[0m
2023.09.29 11:24:27 INFO  compiling boids (1 scala source)[0m
2023.09.29 11:24:27 INFO  time: compiled boids in 98ms[0m
2023.09.29 11:26:34 INFO  compiling boids (1 scala source)[0m
2023.09.29 11:26:34 INFO  time: compiled boids in 0.17s[0m
2023.09.29 11:26:41 INFO  compiling boids (1 scala source)[0m
2023.09.29 11:26:41 INFO  time: compiled boids in 0.12s[0m
2023.09.29 11:26:44 INFO  compiling boids (1 scala source)[0m
2023.09.29 11:26:44 INFO  time: compiled boids in 93ms[0m
2023.09.29 11:27:00 INFO  compiling boids (1 scala source)[0m
2023.09.29 11:27:00 INFO  time: compiled boids in 91ms[0m
2023.09.29 11:36:09 INFO  compiling boids (1 scala source)[0m
2023.09.29 11:36:09 INFO  time: compiled boids in 0.33s[0m
2023.09.29 11:37:12 INFO  compiling boids (1 scala source)[0m
2023.09.29 11:37:12 INFO  time: compiled boids in 0.13s[0m
2023.09.29 11:39:39 INFO  compiling boids (1 scala source)[0m
2023.09.29 11:39:39 INFO  time: compiled boids in 0.11s[0m
2023.09.29 11:40:29 INFO  compiling boids (1 scala source)[0m
2023.09.29 11:40:29 INFO  time: compiled boids in 0.12s[0m
sept. 29, 2023 11:51:38 AM org.eclipse.lsp4j.jsonrpc.RemoteEndpoint fallbackResponseError
GRAVE: Internal error: scala.meta.internal.metals.debug.DebugProvider$NoRunOptionException$: There is nothing to run or test in the current file.
java.util.concurrent.CompletionException: scala.meta.internal.metals.debug.DebugProvider$NoRunOptionException$: There is nothing to run or test in the current file.
	at java.base/java.util.concurrent.CompletableFuture.encodeThrowable(CompletableFuture.java:332)
	at java.base/java.util.concurrent.CompletableFuture.uniAcceptNow(CompletableFuture.java:747)
	at java.base/java.util.concurrent.CompletableFuture.uniAcceptStage(CompletableFuture.java:735)
	at java.base/java.util.concurrent.CompletableFuture.thenAcceptAsync(CompletableFuture.java:2186)
	at scala.concurrent.java8.FuturesConvertersImpl$CF.thenAccept(FutureConvertersImpl.scala:37)
	at org.eclipse.lsp4j.jsonrpc.RemoteEndpoint.handleRequest(RemoteEndpoint.java:279)
	at org.eclipse.lsp4j.jsonrpc.RemoteEndpoint.consume(RemoteEndpoint.java:190)
	at org.eclipse.lsp4j.jsonrpc.json.StreamMessageProducer.handleMessage(StreamMessageProducer.java:194)
	at org.eclipse.lsp4j.jsonrpc.json.StreamMessageProducer.listen(StreamMessageProducer.java:94)
	at org.eclipse.lsp4j.jsonrpc.json.ConcurrentMessageProcessor.run(ConcurrentMessageProcessor.java:113)
	at java.base/java.util.concurrent.Executors$RunnableAdapter.call(Executors.java:539)
	at java.base/java.util.concurrent.FutureTask.run(FutureTask.java:264)
	at java.base/java.util.concurrent.ThreadPoolExecutor.runWorker(ThreadPoolExecutor.java:1136)
	at java.base/java.util.concurrent.ThreadPoolExecutor$Worker.run(ThreadPoolExecutor.java:635)
	at java.base/java.lang.Thread.run(Thread.java:833)
Caused by: scala.meta.internal.metals.debug.DebugProvider$NoRunOptionException$: There is nothing to run or test in the current file.
	at scala.meta.internal.metals.debug.DebugProvider$NoRunOptionException$.<clinit>(DebugProvider.scala:919)
	at scala.meta.internal.metals.debug.DebugProvider.$anonfun$resolveInFile$2(DebugProvider.scala:371)
	at scala.Option.fold(Option.scala:263)
	at scala.meta.internal.metals.debug.DebugProvider.resolveInFile(DebugProvider.scala:342)
	at scala.meta.internal.metals.debug.DebugProvider.debugDiscovery(DebugProvider.scala:476)
	at scala.meta.internal.metals.MetalsLspService.debugDiscovery(MetalsLspService.scala:1803)
	at scala.meta.internal.metals.WorkspaceLspService.executeCommand(WorkspaceLspService.scala:869)
	at scala.meta.metals.lsp.DelegatingScalaService.executeCommand(DelegatingScalaService.scala:169)
	at java.base/jdk.internal.reflect.NativeMethodAccessorImpl.invoke0(Native Method)
	at java.base/jdk.internal.reflect.NativeMethodAccessorImpl.invoke(NativeMethodAccessorImpl.java:77)
	at java.base/jdk.internal.reflect.DelegatingMethodAccessorImpl.invoke(DelegatingMethodAccessorImpl.java:43)
	at java.base/java.lang.reflect.Method.invoke(Method.java:568)
	at org.eclipse.lsp4j.jsonrpc.services.GenericEndpoint.lambda$null$0(GenericEndpoint.java:65)
	at org.eclipse.lsp4j.jsonrpc.services.GenericEndpoint.request(GenericEndpoint.java:120)
	at org.eclipse.lsp4j.jsonrpc.RemoteEndpoint.handleRequest(RemoteEndpoint.java:261)
	... 9 more

2023.09.29 11:51:49 INFO  Shutting down server[0m
2023.09.29 11:51:49 INFO  shutting down Metals[0m
2023.09.29 11:51:49 INFO  Shut down connection with build server.[0m
2023.09.29 11:51:49 INFO  Shut down connection with build server.[0m
2023.09.29 11:51:49 INFO  Shut down connection with build server.[0m
2023.09.29 11:51:49 INFO  Exiting server[0m
2023.09.29 13:41:01 INFO  Started: Metals version 1.0.1 in folders '/Users/arthur/epfl/ba3/cs214/labs/boids' for client Visual Studio Code 1.82.2.
sept. 29, 2023 1:41:02 PM org.flywaydb.core.internal.license.VersionPrinter printVersionOnly
INFOS: Flyway Community Edition 9.21.2 by Redgate
sept. 29, 2023 1:41:02 PM org.flywaydb.core.internal.license.VersionPrinter printVersion
INFOS: See release notes here: https://rd.gt/416ObMi
sept. 29, 2023 1:41:02 PM org.flywaydb.core.internal.license.VersionPrinter printVersion
INFOS: 
sept. 29, 2023 1:41:02 PM org.flywaydb.core.FlywayExecutor execute
INFOS: Database: jdbc:h2:file:/Users/arthur/epfl/ba3/cs214/labs/boids/.metals/metals (H2 2.1)
sept. 29, 2023 1:41:02 PM org.flywaydb.core.internal.command.DbValidate validate
INFOS: Successfully validated 4 migrations (execution time 00:00.008s)
sept. 29, 2023 1:41:02 PM org.flywaydb.core.internal.command.DbMigrate migrateGroup
INFOS: Current version of schema "PUBLIC": 4
sept. 29, 2023 1:41:02 PM org.flywaydb.core.internal.command.DbMigrate logSummary
INFOS: Schema "PUBLIC" is up to date. No migration necessary.
2023.09.29 13:41:02 INFO  time: initialize in 0.3s
2023.09.29 13:41:03 INFO  Attempting to connect to the build server...
2023.09.29 13:41:03 INFO  Bloop uses /Library/Java/JavaVirtualMachines/temurin-17.jdk/Contents/Home defined at /Users/arthur/.bloop/bloop.json
2023.09.29 13:41:03 INFO  skipping build import with status 'Installed'
2023.09.29 13:41:04 INFO  no build target found for /Users/arthur/epfl/ba3/cs214/labs/boids/src/main/scala/boids/BoidLogic.scala. Using presentation compiler with project's scala-library version: 3.3.0
2023.09.29 13:41:05 INFO  tracing is disabled for protocol BSP, to enable tracing of incoming and outgoing JSON messages create an empty file at /Users/arthur/epfl/ba3/cs214/labs/boids/.metals/bsp.trace.json or /Users/arthur/Library/Caches/org.scalameta.metals/bsp.trace.json
2023.09.29 13:41:05 INFO  Attempting to connect to the build server...
2023.09.29 13:41:05 INFO  Bloop uses /Library/Java/JavaVirtualMachines/temurin-17.jdk/Contents/Home defined at /Users/arthur/.bloop/bloop.json
2023.09.29 13:41:05 INFO  Attempting to connect to the build server...
2023.09.29 13:41:05 INFO  Bloop uses /Library/Java/JavaVirtualMachines/temurin-17.jdk/Contents/Home defined at /Users/arthur/.bloop/bloop.json
2023.09.29 13:41:05 INFO  tracing is disabled for protocol BSP, to enable tracing of incoming and outgoing JSON messages create an empty file at /Users/arthur/epfl/ba3/cs214/labs/boids/project/project/.metals/bsp.trace.json or /Users/arthur/Library/Caches/org.scalameta.metals/bsp.trace.json
2023.09.29 13:41:05 INFO  tracing is disabled for protocol BSP, to enable tracing of incoming and outgoing JSON messages create an empty file at /Users/arthur/epfl/ba3/cs214/labs/boids/project/.metals/bsp.trace.json or /Users/arthur/Library/Caches/org.scalameta.metals/bsp.trace.json
2023.09.29 13:41:05 INFO  time: Connected to build server in 2.08s
2023.09.29 13:41:05 INFO  Connected to Build server: Bloop v1.5.8
2023.09.29 13:41:05 INFO  time: Imported build in 0.11s
2023.09.29 13:41:04 INFO  time: code lens generation in 2.31s
2023.09.29 13:41:06 INFO  no build target found for /Users/arthur/epfl/ba3/cs214/labs/boids/src/main/scala/boids/BoidLogic.scala. Using presentation compiler with project's scala-library version: 3.3.0
2023.09.29 13:41:06 INFO  time: code lens generation in 3.03s
2023.09.29 13:41:07 INFO  time: indexed workspace in 1.9s
2023.09.30 09:05:25 INFO  Shutting down server
2023.09.30 09:05:25 INFO  shutting down Metals
2023.09.30 09:05:25 INFO  Shut down connection with build server.
2023.09.30 09:05:25 INFO  Shut down connection with build server.
2023.09.30 09:05:25 INFO  Shut down connection with build server.
2023.09.30 09:05:25 INFO  Exiting server
2023.11.18 09:30:18 INFO  Started: Metals version 1.1.0 in folders '/Users/arthur/epfl/ba3/cs214/labs/boids' for client Visual Studio Code 1.84.2.
2023.11.18 09:30:18 INFO  Attempting to connect to the build server...
2023.11.18 09:30:18 INFO  skipping build import with status 'Installed'
2023.11.18 09:30:18 INFO  Bloop uses /Library/Java/JavaVirtualMachines/temurin-17.jdk/Contents/Home defined at /Users/arthur/.bloop/bloop.json
2023.11.18 09:30:20 INFO  tracing is disabled for protocol BSP, to enable tracing of incoming and outgoing JSON messages create an empty file at /Users/arthur/epfl/ba3/cs214/labs/boids/.metals/bsp.trace.json or /Users/arthur/Library/Caches/org.scalameta.metals/bsp.trace.json
2023.11.18 09:30:20 INFO  Attempting to connect to the build server...
2023.11.18 09:30:20 INFO  Bloop uses /Library/Java/JavaVirtualMachines/temurin-17.jdk/Contents/Home defined at /Users/arthur/.bloop/bloop.json
2023.11.18 09:30:20 INFO  Attempting to connect to the build server...
2023.11.18 09:30:20 INFO  Bloop uses /Library/Java/JavaVirtualMachines/temurin-17.jdk/Contents/Home defined at /Users/arthur/.bloop/bloop.json
2023.11.18 09:30:20 INFO  tracing is disabled for protocol BSP, to enable tracing of incoming and outgoing JSON messages create an empty file at /Users/arthur/epfl/ba3/cs214/labs/boids/project/.metals/bsp.trace.json or /Users/arthur/Library/Caches/org.scalameta.metals/bsp.trace.json
2023.11.18 09:30:20 INFO  tracing is disabled for protocol BSP, to enable tracing of incoming and outgoing JSON messages create an empty file at /Users/arthur/epfl/ba3/cs214/labs/boids/project/project/.metals/bsp.trace.json or /Users/arthur/Library/Caches/org.scalameta.metals/bsp.trace.json
2023.11.18 09:30:20 INFO  time: Connected to build server in 1.75s
2023.11.18 09:30:20 INFO  Connected to Build server: Bloop v1.5.11
2023.11.18 09:30:22 INFO  time: indexed workspace in 2.34s
2023.11.18 09:30:23 INFO  compiling boids (8 scala sources)
2023.11.18 09:30:27 INFO  compiling boids-test (2 scala sources)
2023.11.18 09:30:27 INFO  time: compiled boids in 4.47s
2023.11.18 09:30:27 INFO  time: compiled boids-test in 0.79s
2023.11.18 15:11:04 INFO  Shutting down server
2023.11.18 15:11:04 INFO  shutting down Metals
2023.11.18 15:11:04 INFO  Shut down connection with build server.
2023.11.18 15:11:04 INFO  Shut down connection with build server.
2023.11.18 15:11:04 INFO  Shut down connection with build server.
2023.11.18 15:11:04 INFO  Exiting server
