2023.09.20 16:22:05 INFO  Started: Metals version 1.0.1 in folders '/Users/arthur/epfl/ba3/cs214/exos/week1' for client Visual Studio Code 1.82.2.[0m
sept. 20, 2023 4:22:05 PM org.flywaydb.core.internal.license.VersionPrinter printVersionOnly
INFOS: Flyway Community Edition 9.21.2 by Redgate
sept. 20, 2023 4:22:05 PM org.flywaydb.core.internal.license.VersionPrinter printVersion
INFOS: See release notes here: https://rd.gt/416ObMi
sept. 20, 2023 4:22:05 PM org.flywaydb.core.internal.license.VersionPrinter printVersion
INFOS: 
sept. 20, 2023 4:22:05 PM org.flywaydb.core.FlywayExecutor execute
INFOS: Database: jdbc:h2:file:/Users/arthur/epfl/ba3/cs214/exos/week1/.metals/metals (H2 2.1)
sept. 20, 2023 4:22:05 PM org.flywaydb.core.internal.schemahistory.JdbcTableSchemaHistory allAppliedMigrations
INFOS: Schema history table "PUBLIC"."flyway_schema_history" does not exist yet
sept. 20, 2023 4:22:05 PM org.flywaydb.core.internal.command.DbValidate validate
INFOS: Successfully validated 4 migrations (execution time 00:00.007s)
sept. 20, 2023 4:22:05 PM org.flywaydb.core.internal.schemahistory.JdbcTableSchemaHistory create
INFOS: Creating Schema History table "PUBLIC"."flyway_schema_history" ...
sept. 20, 2023 4:22:06 PM org.flywaydb.core.internal.command.DbMigrate migrateGroup
INFOS: Current version of schema "PUBLIC": << Empty Schema >>
sept. 20, 2023 4:22:06 PM org.flywaydb.core.internal.command.DbMigrate doMigrateGroup
INFOS: Migrating schema "PUBLIC" to version "1 - Create tables"
sept. 20, 2023 4:22:06 PM org.flywaydb.core.internal.command.DbMigrate doMigrateGroup
INFOS: Migrating schema "PUBLIC" to version "2 - Server discovery"
sept. 20, 2023 4:22:06 PM org.flywaydb.core.internal.command.DbMigrate doMigrateGroup
INFOS: Migrating schema "PUBLIC" to version "3 - Jar symbols"
sept. 20, 2023 4:22:06 PM org.flywaydb.core.internal.command.DbMigrate doMigrateGroup
INFOS: Migrating schema "PUBLIC" to version "4 - Fingerprints"
sept. 20, 2023 4:22:06 PM org.flywaydb.core.internal.command.DbMigrate logSummary
INFOS: Successfully applied 4 migrations to schema "PUBLIC", now at version v4 (execution time 00:00.007s)
2023.09.20 16:22:06 INFO  time: initialize in 0.32s[0m
2023.09.20 16:22:08 INFO  no build target found for /Users/arthur/epfl/ba3/cs214/exos/week1/recursion/src/main/scala/playground.worksheet.sc. Using presentation compiler with project's scala-library version: 3.3.0[0m
2023.09.20 16:22:08 INFO  time: code lens generation in 2.02s[0m
2023.09.20 16:22:12 INFO  Running List(/Users/arthur/Library/Application Support/Coursier/bin/scala-cli, setup-ide, /Users/arthur/epfl/ba3/cs214/exos/week1)[0m
2023.09.20 16:22:12 INFO  Attempting to connect to the build server...[0m
2023.09.20 16:22:12 INFO  Running BSP server List(/Users/arthur/Library/Application Support/Coursier/bin/.scala-cli.aux, bsp, --json-options, /Users/arthur/epfl/ba3/cs214/exos/week1/.scala-build/ide-options-v2.json, /Users/arthur/epfl/ba3/cs214/exos/week1)[0m
2023.09.20 16:22:12 WARN  No build session currently active to reload.[0m
2023.09.20 16:22:12 INFO  tracing is disabled for protocol BSP, to enable tracing of incoming and outgoing JSON messages create an empty file at /Users/arthur/epfl/ba3/cs214/exos/week1/.metals/bsp.trace.json or /Users/arthur/Library/Caches/org.scalameta.metals/bsp.trace.json[0m
2023.09.20 16:22:12 INFO  BSP server: Starting compilation server[0m
2023.09.20 16:22:12 INFO  BSP server: Downloading https://repo1.maven.org/maven2/io/github/alexarchambault/bleep/bloop-frontend_2.12/1.5.9-sc-1/bloop-frontend_2.12-1.5.9-sc-1.pom[0m
2023.09.20 16:22:12 INFO  BSP server: Downloaded https://repo1.maven.org/maven2/io/github/alexarchambault/bleep/bloop-frontend_2.12/1.5.9-sc-1/bloop-frontend_2.12-1.5.9-sc-1.pom[0m
2023.09.20 16:22:12 INFO  BSP server: Downloading https://repo1.maven.org/maven2/ch/qos/logback/logback-classic/1.4.6/logback-classic-1.4.6.pom[0m
2023.09.20 16:22:12 INFO  BSP server: Downloading https://repo1.maven.org/maven2/io/github/alexarchambault/libdaemon/libdaemon_2.12/0.0.11/libdaemon_2.12-0.0.11.pom[0m
2023.09.20 16:22:12 INFO  BSP server: Downloading https://repo1.maven.org/maven2/io/github/alexarchambault/bleep/bloop-backend_2.12/1.5.9-sc-1/bloop-backend_2.12-1.5.9-sc-1.pom[0m
2023.09.20 16:22:12 INFO  BSP server: Downloaded https://repo1.maven.org/maven2/ch/qos/logback/logback-classic/1.4.6/logback-classic-1.4.6.pom[0m
2023.09.20 16:22:12 INFO  BSP server: Downloaded https://repo1.maven.org/maven2/io/github/alexarchambault/libdaemon/libdaemon_2.12/0.0.11/libdaemon_2.12-0.0.11.pom[0m
2023.09.20 16:22:12 INFO  BSP server: Downloaded https://repo1.maven.org/maven2/io/github/alexarchambault/bleep/bloop-backend_2.12/1.5.9-sc-1/bloop-backend_2.12-1.5.9-sc-1.pom[0m
2023.09.20 16:22:12 INFO  BSP server: Downloading https://repo1.maven.org/maven2/ch/qos/logback/logback-parent/1.4.6/logback-parent-1.4.6.pom[0m
2023.09.20 16:22:12 INFO  BSP server: Downloaded https://repo1.maven.org/maven2/ch/qos/logback/logback-parent/1.4.6/logback-parent-1.4.6.pom[0m
2023.09.20 16:22:12 INFO  BSP server: Downloading https://repo1.maven.org/maven2/org/scala-sbt/test-agent/1.8.3/test-agent-1.8.3.pom[0m
2023.09.20 16:22:12 INFO  BSP server: Downloading https://repo1.maven.org/maven2/ch/qos/logback/logback-core/1.4.6/logback-core-1.4.6.pom[0m
2023.09.20 16:22:12 INFO  BSP server: Downloading https://repo1.maven.org/maven2/io/github/alexarchambault/bleep/nailgun-server/1.0.7/nailgun-server-1.0.7.pom[0m
2023.09.20 16:22:12 INFO  BSP server: Downloading https://repo1.maven.org/maven2/org/slf4j/slf4j-api/2.0.4/slf4j-api-2.0.4.pom[0m
2023.09.20 16:22:12 INFO  BSP server: Downloading https://repo1.maven.org/maven2/io/github/alexarchambault/bleep/bloop-shared_2.12/1.5.9-sc-1/bloop-shared_2.12-1.5.9-sc-1.pom[0m
2023.09.20 16:22:12 INFO  BSP server: Downloaded https://repo1.maven.org/maven2/io/github/alexarchambault/bleep/nailgun-server/1.0.7/nailgun-server-1.0.7.pom[0m
2023.09.20 16:22:12 INFO  BSP server: Downloaded https://repo1.maven.org/maven2/org/scala-sbt/test-agent/1.8.3/test-agent-1.8.3.pom[0m
2023.09.20 16:22:12 INFO  BSP server: Downloaded https://repo1.maven.org/maven2/ch/qos/logback/logback-core/1.4.6/logback-core-1.4.6.pom[0m
2023.09.20 16:22:12 INFO  BSP server: Downloaded https://repo1.maven.org/maven2/io/github/alexarchambault/bleep/bloop-shared_2.12/1.5.9-sc-1/bloop-shared_2.12-1.5.9-sc-1.pom[0m
2023.09.20 16:22:12 INFO  BSP server: Downloaded https://repo1.maven.org/maven2/org/slf4j/slf4j-api/2.0.4/slf4j-api-2.0.4.pom[0m
2023.09.20 16:22:12 INFO  BSP server: Downloading https://repo1.maven.org/maven2/org/slf4j/slf4j-parent/2.0.4/slf4j-parent-2.0.4.pom[0m
2023.09.20 16:22:12 INFO  BSP server: Downloaded https://repo1.maven.org/maven2/org/slf4j/slf4j-parent/2.0.4/slf4j-parent-2.0.4.pom[0m
2023.09.20 16:22:12 INFO  BSP server: Downloading https://repo1.maven.org/maven2/net/java/dev/jna/jna/4.5.2/jna-4.5.2.pom[0m
2023.09.20 16:22:12 INFO  BSP server: Downloading https://repo1.maven.org/maven2/org/scala-sbt/test-agent/1.9.2/test-agent-1.9.2.pom[0m
2023.09.20 16:22:12 INFO  BSP server: Downloading https://repo1.maven.org/maven2/net/java/dev/jna/jna-platform/4.4.0/jna-platform-4.4.0.pom[0m
2023.09.20 16:22:12 INFO  BSP server: Downloading https://repo1.maven.org/maven2/io/get-coursier/interface/1.0.13/interface-1.0.13.pom[0m
2023.09.20 16:22:12 INFO  BSP server: Downloaded https://repo1.maven.org/maven2/org/scala-sbt/test-agent/1.9.2/test-agent-1.9.2.pom[0m
2023.09.20 16:22:12 INFO  BSP server: Downloaded https://repo1.maven.org/maven2/net/java/dev/jna/jna/4.5.2/jna-4.5.2.pom[0m
2023.09.20 16:22:12 INFO  BSP server: Downloaded https://repo1.maven.org/maven2/io/get-coursier/interface/1.0.13/interface-1.0.13.pom[0m
2023.09.20 16:22:12 INFO  BSP server: Downloaded https://repo1.maven.org/maven2/net/java/dev/jna/jna-platform/4.4.0/jna-platform-4.4.0.pom[0m
2023.09.20 16:22:12 INFO  BSP server: Downloading https://repo1.maven.org/maven2/org/scala-sbt/launcher-interface/1.0.0/launcher-interface-1.0.0.pom[0m
2023.09.20 16:22:12 INFO  BSP server: Downloaded https://repo1.maven.org/maven2/org/scala-sbt/launcher-interface/1.0.0/launcher-interface-1.0.0.pom[0m
2023.09.20 16:22:12 INFO  BSP server: Downloading https://repo1.maven.org/maven2/io/github/alexarchambault/bleep/bloop-frontend_2.12/1.5.9-sc-1/bloop-frontend_2.12-1.5.9-sc-1.jar[0m
2023.09.20 16:22:12 INFO  BSP server: Downloading https://repo1.maven.org/maven2/org/scala-sbt/test-agent/1.9.2/test-agent-1.9.2.jar[0m
2023.09.20 16:22:12 INFO  BSP server: Downloading https://repo1.maven.org/maven2/io/github/alexarchambault/bleep/bloop-backend_2.12/1.5.9-sc-1/bloop-backend_2.12-1.5.9-sc-1.jar[0m
2023.09.20 16:22:12 INFO  BSP server: Downloading https://repo1.maven.org/maven2/ch/qos/logback/logback-core/1.4.6/logback-core-1.4.6.jar[0m
2023.09.20 16:22:12 INFO  BSP server: Downloading https://repo1.maven.org/maven2/ch/qos/logback/logback-classic/1.4.6/logback-classic-1.4.6.jar[0m
2023.09.20 16:22:12 INFO  BSP server: Downloading https://repo1.maven.org/maven2/io/github/alexarchambault/libdaemon/libdaemon_2.12/0.0.11/libdaemon_2.12-0.0.11.jar[0m
2023.09.20 16:22:12 INFO  BSP server: Downloaded https://repo1.maven.org/maven2/org/scala-sbt/test-agent/1.9.2/test-agent-1.9.2.jar[0m
2023.09.20 16:22:12 INFO  BSP server: Downloading https://repo1.maven.org/maven2/io/github/alexarchambault/bleep/bloop-shared_2.12/1.5.9-sc-1/bloop-shared_2.12-1.5.9-sc-1.jar[0m
2023.09.20 16:22:12 INFO  BSP server: Downloaded https://repo1.maven.org/maven2/io/github/alexarchambault/bleep/bloop-shared_2.12/1.5.9-sc-1/bloop-shared_2.12-1.5.9-sc-1.jar[0m
2023.09.20 16:22:12 INFO  BSP server: Downloading https://repo1.maven.org/maven2/io/get-coursier/interface/1.0.13/interface-1.0.13.jar[0m
2023.09.20 16:22:12 INFO  BSP server: Downloaded https://repo1.maven.org/maven2/io/github/alexarchambault/libdaemon/libdaemon_2.12/0.0.11/libdaemon_2.12-0.0.11.jar[0m
2023.09.20 16:22:12 INFO  BSP server: Downloading https://repo1.maven.org/maven2/io/github/alexarchambault/bleep/nailgun-server/1.0.7/nailgun-server-1.0.7.jar[0m
2023.09.20 16:22:12 INFO  BSP server: Downloaded https://repo1.maven.org/maven2/ch/qos/logback/logback-classic/1.4.6/logback-classic-1.4.6.jar[0m
2023.09.20 16:22:12 INFO  BSP server: Downloaded https://repo1.maven.org/maven2/io/github/alexarchambault/bleep/nailgun-server/1.0.7/nailgun-server-1.0.7.jar[0m
2023.09.20 16:22:13 INFO  BSP server: Downloaded https://repo1.maven.org/maven2/io/github/alexarchambault/bleep/bloop-backend_2.12/1.5.9-sc-1/bloop-backend_2.12-1.5.9-sc-1.jar[0m
2023.09.20 16:22:13 INFO  BSP server: Downloaded https://repo1.maven.org/maven2/ch/qos/logback/logback-core/1.4.6/logback-core-1.4.6.jar[0m
2023.09.20 16:22:13 INFO  BSP server: Downloaded https://repo1.maven.org/maven2/io/github/alexarchambault/bleep/bloop-frontend_2.12/1.5.9-sc-1/bloop-frontend_2.12-1.5.9-sc-1.jar[0m
2023.09.20 16:22:15 INFO  BSP server: Downloaded https://repo1.maven.org/maven2/io/get-coursier/interface/1.0.13/interface-1.0.13.jar[0m
2023.09.20 16:22:16 INFO  BSP server: Checking https://repo1.maven.org/maven2/org/scala-lang/scala-library/[0m
2023.09.20 16:22:16 INFO  BSP server: Checked https://repo1.maven.org/maven2/org/scala-lang/scala-library/[0m
2023.09.20 16:22:16 INFO  BSP server: Checking https://repo1.maven.org/maven2/org/scala-lang/scala-library/maven-metadata.xml[0m
2023.09.20 16:22:16 INFO  BSP server: Checked https://repo1.maven.org/maven2/org/scala-lang/scala-library/maven-metadata.xml[0m
2023.09.20 16:22:16 INFO  BSP server: Checking https://repo1.maven.org/maven2/org/scala-lang/scala3-library_3/[0m
2023.09.20 16:22:16 INFO  BSP server: Checked https://repo1.maven.org/maven2/org/scala-lang/scala3-library_3/[0m
2023.09.20 16:22:16 INFO  BSP server: Checking https://repo1.maven.org/maven2/org/scala-lang/scala3-library_3/maven-metadata.xml[0m
2023.09.20 16:22:16 INFO  BSP server: Checked https://repo1.maven.org/maven2/org/scala-lang/scala3-library_3/maven-metadata.xml[0m
2023.09.20 16:22:16 INFO  BSP server: Downloading https://repo1.maven.org/maven2/com/sourcegraph/semanticdb-javac/0.7.4/semanticdb-javac-0.7.4.pom[0m
2023.09.20 16:22:16 INFO  BSP server: Downloaded https://repo1.maven.org/maven2/com/sourcegraph/semanticdb-javac/0.7.4/semanticdb-javac-0.7.4.pom[0m
2023.09.20 16:22:16 INFO  BSP server: Downloading https://repo1.maven.org/maven2/com/sourcegraph/semanticdb-javac/0.7.4/semanticdb-javac-0.7.4.jar[0m
2023.09.20 16:22:17 INFO  BSP server: Downloaded https://repo1.maven.org/maven2/com/sourcegraph/semanticdb-javac/0.7.4/semanticdb-javac-0.7.4.jar[0m
2023.09.20 16:22:18 INFO  time: Connected to build server in 5.69s[0m
2023.09.20 16:22:18 INFO  Connected to Build server: scala-cli v1.0.4[0m
2023.09.20 16:22:18 INFO  compiling week1_bd2c96d2de (6 scala sources)[0m
2023.09.20 16:22:19 INFO  time: indexed workspace in 1.23s[0m
2023.09.20 16:22:21 INFO  time: compiled week1_bd2c96d2de in 3s[0m
2023.09.20 16:22:21 INFO  compiling week1_bd2c96d2de-test (3 scala sources)[0m
2023.09.20 16:22:21 INFO  time: compiled week1_bd2c96d2de-test in 0.35s[0m
2023.09.20 16:24:20 INFO  compiling week1_bd2c96d2de-test (3 scala sources)[0m
2023.09.20 16:24:20 INFO  time: compiled week1_bd2c96d2de-test in 0.21s[0m
2023.09.20 16:24:22 INFO  time: evaluated worksheet 'playground.worksheet.sc' in 1.85s[0m
2023.09.20 16:24:23 INFO  time: evaluated worksheet 'playground.worksheet.sc' in 0.32s[0m
2023.09.20 16:24:26 INFO  compiling week1_bd2c96d2de-test (3 scala sources)[0m
2023.09.20 16:24:26 INFO  time: compiled week1_bd2c96d2de-test in 0.18s[0m
2023.09.20 16:24:38 INFO  compiling week1_bd2c96d2de-test (3 scala sources)[0m
2023.09.20 16:24:38 INFO  time: compiled week1_bd2c96d2de-test in 0.16s[0m
2023.09.20 16:24:39 INFO  compiling week1_bd2c96d2de-test (3 scala sources)[0m
2023.09.20 16:24:39 INFO  time: compiled week1_bd2c96d2de-test in 0.17s[0m
2023.09.20 16:24:41 INFO  compiling week1_bd2c96d2de-test (3 scala sources)[0m
2023.09.20 16:24:41 INFO  time: compiled week1_bd2c96d2de-test in 0.12s[0m
2023.09.20 16:24:50 INFO  time: evaluated worksheet 'playground.worksheet.sc' in 0.28s[0m
sept. 20, 2023 4:28:25 PM org.eclipse.lsp4j.jsonrpc.RemoteEndpoint handleCancellation
AVERTISSEMENT: Unmatched cancel notification for request id 207
sept. 20, 2023 4:28:27 PM org.eclipse.lsp4j.jsonrpc.RemoteEndpoint handleCancellation
AVERTISSEMENT: Unmatched cancel notification for request id 218
2023.09.20 16:28:58 INFO  Shutting down server[0m
2023.09.20 16:28:58 INFO  shutting down Metals[0m
2023.09.20 16:28:58 INFO  Shut down connection with build server.[0m
2023.09.20 16:28:58 INFO  Exiting server[0m
2023.09.20 16:29:01 INFO  Started: Metals version 1.0.1 in folders '/Users/arthur/epfl/ba3/cs214/exos/week1' for client Visual Studio Code 1.82.2.[0m
sept. 20, 2023 4:29:01 PM org.flywaydb.core.internal.license.VersionPrinter printVersionOnly
INFOS: Flyway Community Edition 9.21.2 by Redgate
sept. 20, 2023 4:29:01 PM org.flywaydb.core.internal.license.VersionPrinter printVersion
INFOS: See release notes here: https://rd.gt/416ObMi
sept. 20, 2023 4:29:01 PM org.flywaydb.core.internal.license.VersionPrinter printVersion
INFOS: 
sept. 20, 2023 4:29:01 PM org.flywaydb.core.FlywayExecutor execute
INFOS: Database: jdbc:h2:file:/Users/arthur/epfl/ba3/cs214/exos/week1/.metals/metals (H2 2.1)
sept. 20, 2023 4:29:01 PM org.flywaydb.core.internal.command.DbValidate validate
INFOS: Successfully validated 4 migrations (execution time 00:00.009s)
sept. 20, 2023 4:29:01 PM org.flywaydb.core.internal.command.DbMigrate migrateGroup
INFOS: Current version of schema "PUBLIC": 4
sept. 20, 2023 4:29:01 PM org.flywaydb.core.internal.command.DbMigrate logSummary
INFOS: Schema "PUBLIC" is up to date. No migration necessary.
2023.09.20 16:29:01 INFO  time: initialize in 0.34s[0m
2023.09.20 16:29:02 INFO  Attempting to connect to the build server...[0m
2023.09.20 16:29:02 INFO  Running BSP server List(/Users/arthur/Library/Application Support/Coursier/bin/.scala-cli.aux, bsp, --json-options, /Users/arthur/epfl/ba3/cs214/exos/week1/.scala-build/ide-options-v2.json, /Users/arthur/epfl/ba3/cs214/exos/week1)[0m
2023.09.20 16:29:02 INFO  tracing is disabled for protocol BSP, to enable tracing of incoming and outgoing JSON messages create an empty file at /Users/arthur/epfl/ba3/cs214/exos/week1/.metals/bsp.trace.json or /Users/arthur/Library/Caches/org.scalameta.metals/bsp.trace.json[0m
2023.09.20 16:29:02 WARN  No build session currently active to reload.[0m
2023.09.20 16:29:02 INFO  time: Connected to build server in 0.52s[0m
2023.09.20 16:29:02 INFO  Connected to Build server: scala-cli v1.0.4[0m
2023.09.20 16:29:02 INFO  compiling week1_bd2c96d2de-test (3 scala sources)[0m
2023.09.20 16:29:03 INFO  no build target found for /Users/arthur/epfl/ba3/cs214/exos/week1/recursion/src/main/scala/recursion/listOps.scala. Using presentation compiler with project's scala-library version: 3.3.0[0m
2023.09.20 16:29:03 INFO  time: code lens generation in 1.46s[0m
2023.09.20 16:29:04 INFO  time: indexed workspace in 1s[0m
2023.09.20 16:29:05 INFO  compiling week1_bd2c96d2de-test (3 scala sources)[0m
2023.09.20 16:29:05 INFO  time: compiled week1_bd2c96d2de-test in 0.76s[0m
sept. 20, 2023 4:33:38 PM org.eclipse.lsp4j.jsonrpc.services.GenericEndpoint notify
INFOS: Unsupported notification method: $/setTrace
2023.09.20 16:37:32 INFO  compiling week1_bd2c96d2de (1 scala source)[0m
2023.09.20 16:37:32 INFO  time: compiled week1_bd2c96d2de in 0.29s[0m
2023.09.20 16:38:32 INFO  compiling week1_bd2c96d2de (1 scala source)[0m
2023.09.20 16:38:32 INFO  time: compiled week1_bd2c96d2de in 0.23s[0m
2023.09.20 16:40:51 WARN  no build target for: /Users/arthur/epfl/ba3/cs214/exos/week1/recursion/build.sbt[0m
2023.09.20 16:41:12 INFO  Shutting down server[0m
2023.09.20 16:41:12 INFO  shutting down Metals[0m
2023.09.20 16:41:12 INFO  Shut down connection with build server.[0m
2023.09.20 16:41:12 INFO  Cancelling compilation on scala-cli server[0m
2023.09.20 16:41:12 INFO  Exiting server[0m
2023.09.20 16:41:38 INFO  Started: Metals version 1.0.1 in folders '/Users/arthur/epfl/ba3/cs214/exos/week1' for client Visual Studio Code 1.82.2.[0m
sept. 20, 2023 4:41:38 PM org.flywaydb.core.internal.license.VersionPrinter printVersionOnly
INFOS: Flyway Community Edition 9.21.2 by Redgate
sept. 20, 2023 4:41:38 PM org.flywaydb.core.internal.license.VersionPrinter printVersion
INFOS: See release notes here: https://rd.gt/416ObMi
sept. 20, 2023 4:41:38 PM org.flywaydb.core.internal.license.VersionPrinter printVersion
INFOS: 
sept. 20, 2023 4:41:38 PM org.flywaydb.core.FlywayExecutor execute
INFOS: Database: jdbc:h2:file:/Users/arthur/epfl/ba3/cs214/exos/week1/.metals/metals (H2 2.1)
sept. 20, 2023 4:41:38 PM org.flywaydb.core.internal.command.DbValidate validate
INFOS: Successfully validated 4 migrations (execution time 00:00.008s)
sept. 20, 2023 4:41:38 PM org.flywaydb.core.internal.command.DbMigrate migrateGroup
INFOS: Current version of schema "PUBLIC": 4
sept. 20, 2023 4:41:38 PM org.flywaydb.core.internal.command.DbMigrate logSummary
INFOS: Schema "PUBLIC" is up to date. No migration necessary.
2023.09.20 16:41:38 INFO  time: initialize in 0.28s[0m
2023.09.20 16:41:39 INFO  Attempting to connect to the build server...[0m
2023.09.20 16:41:39 INFO  Running BSP server List(/Users/arthur/Library/Application Support/Coursier/bin/.scala-cli.aux, bsp, --json-options, /Users/arthur/epfl/ba3/cs214/exos/week1/.scala-build/ide-options-v2.json, /Users/arthur/epfl/ba3/cs214/exos/week1)[0m
2023.09.20 16:41:39 INFO  tracing is disabled for protocol BSP, to enable tracing of incoming and outgoing JSON messages create an empty file at /Users/arthur/epfl/ba3/cs214/exos/week1/.metals/bsp.trace.json or /Users/arthur/Library/Caches/org.scalameta.metals/bsp.trace.json[0m
2023.09.20 16:41:39 WARN  No build session currently active to reload.[0m
2023.09.20 16:41:39 INFO  time: Connected to build server in 0.53s[0m
2023.09.20 16:41:39 INFO  Connected to Build server: scala-cli v1.0.4[0m
2023.09.20 16:41:39 INFO  compiling week1_bd2c96d2de (1 scala source)[0m
2023.09.20 16:41:40 INFO  compiling week1_bd2c96d2de (1 scala source)[0m
2023.09.20 16:41:40 INFO  no build target found for /Users/arthur/epfl/ba3/cs214/exos/week1/recursion/src/main/scala/recursion/listOps.scala. Using presentation compiler with project's scala-library version: 3.3.0[0m
2023.09.20 16:41:40 INFO  time: code lens generation in 1.59s[0m
2023.09.20 16:41:41 INFO  no build target found for /Users/arthur/epfl/ba3/cs214/exos/week1/recursion/src/main/scala/recursion/listOps.scala. Using presentation compiler with project's scala-library version: 3.3.0[0m
2023.09.20 16:41:41 INFO  time: code lens generation in 2.66s[0m
2023.09.20 16:41:43 INFO  time: indexed workspace in 2.1s[0m
2023.09.20 16:41:43 INFO  compiling week1_bd2c96d2de (1 scala source)[0m
2023.09.20 16:41:43 INFO  time: compiled week1_bd2c96d2de in 0.18s[0m
2023.09.20 16:41:43 INFO  compiling week1_bd2c96d2de (1 scala source)[0m
2023.09.20 16:41:43 INFO  time: compiled week1_bd2c96d2de in 0.22s[0m
2023.09.20 16:42:22 INFO  compiling week1_bd2c96d2de (1 scala source)[0m
2023.09.20 16:42:22 INFO  time: compiled week1_bd2c96d2de in 0.15s[0m
2023.09.20 16:42:24 INFO  compiling week1_bd2c96d2de (1 scala source)[0m
2023.09.20 16:42:24 INFO  time: compiled week1_bd2c96d2de in 0.14s[0m
2023.09.20 16:42:55 INFO  compiling week1_bd2c96d2de (1 scala source)[0m
2023.09.20 16:42:55 INFO  time: compiled week1_bd2c96d2de in 0.12s[0m
2023.09.20 16:42:59 INFO  compiling week1_bd2c96d2de (1 scala source)[0m
2023.09.20 16:42:59 INFO  time: compiled week1_bd2c96d2de in 0.11s[0m
2023.09.20 16:42:59 INFO  compiling week1_bd2c96d2de (1 scala source)[0m
2023.09.20 16:42:59 INFO  time: compiled week1_bd2c96d2de in 0.12s[0m
2023.09.20 16:42:59 INFO  compiling week1_bd2c96d2de (1 scala source)[0m
2023.09.20 16:42:59 INFO  time: compiled week1_bd2c96d2de in 0.11s[0m
2023.09.20 16:42:59 INFO  compiling week1_bd2c96d2de (1 scala source)[0m
2023.09.20 16:42:59 INFO  time: compiled week1_bd2c96d2de in 0.12s[0m
2023.09.20 16:43:44 INFO  compiling week1_bd2c96d2de (1 scala source)[0m
2023.09.20 16:43:44 INFO  time: compiled week1_bd2c96d2de in 0.13s[0m
sept. 20, 2023 4:44:27 PM org.eclipse.lsp4j.jsonrpc.services.GenericEndpoint notify
INFOS: Unsupported notification method: $/setTrace
2023.09.20 16:45:28 INFO  compiling week1_bd2c96d2de-test (3 scala sources)[0m
2023.09.20 16:45:28 INFO  time: compiled week1_bd2c96d2de-test in 0.16s[0m
2023.09.20 16:45:51 INFO  compiling week1_bd2c96d2de-test (3 scala sources)[0m
2023.09.20 16:45:51 INFO  time: compiled week1_bd2c96d2de-test in 0.12s[0m
sept. 20, 2023 4:51:04 PM org.eclipse.lsp4j.jsonrpc.RemoteEndpoint handleCancellation
AVERTISSEMENT: Unmatched cancel notification for request id 548
sept. 20, 2023 4:52:20 PM org.eclipse.lsp4j.jsonrpc.services.GenericEndpoint notify
INFOS: Unsupported notification method: $/setTrace
sept. 20, 2023 4:52:42 PM org.eclipse.lsp4j.jsonrpc.services.GenericEndpoint notify
INFOS: Unsupported notification method: $/setTrace
2023.09.20 17:02:45 INFO  Shutting down server[0m
2023.09.20 17:02:45 INFO  shutting down Metals[0m
2023.09.20 17:02:45 INFO  Shut down connection with build server.[0m
2023.09.20 17:02:45 INFO  Cancelling compilation on scala-cli server[0m
2023.09.20 17:02:45 INFO  Exiting server[0m
